2017-06-01 14:10:36,226 [Start Help Server] INFO  org.eclipse.jetty.server.Server - jetty-8.1.14.v20131031
2017-06-01 14:10:36,270 [Start Help Server] INFO  o.e.jetty.server.AbstractConnector - Started SelectChannelConnector@127.0.0.1:8090
2017-06-01 14:15:58,397 [Stop Help Server] INFO  o.e.j.server.handler.ContextHandler - stopped o.e.j.s.ServletContextHandler{/help,null}
2017-06-01 14:16:31,017 [Start Help Server] INFO  org.eclipse.jetty.server.Server - jetty-8.1.14.v20131031
2017-06-01 14:16:31,033 [Start Help Server] INFO  o.e.jetty.server.AbstractConnector - Started SelectChannelConnector@127.0.0.1:8161
2017-06-01 14:16:34,657 [Stop Help Server] INFO  o.e.j.server.handler.ContextHandler - stopped o.e.j.s.ServletContextHandler{/help,null}
2017-06-01 16:14:44,858 [Start Help Server] INFO  org.eclipse.jetty.server.Server - jetty-8.1.14.v20131031
2017-06-01 16:14:45,077 [Start Help Server] INFO  o.e.jetty.server.AbstractConnector - Started SelectChannelConnector@127.0.0.1:50580
2017-06-01 18:12:39,431 [Stop Help Server] INFO  o.e.j.server.handler.ContextHandler - stopped o.e.j.s.ServletContextHandler{/help,null}
2017-06-01 18:14:46,132 [Start Help Server] INFO  org.eclipse.jetty.server.Server - jetty-8.1.14.v20131031
2017-06-01 18:14:46,178 [Start Help Server] INFO  o.e.jetty.server.AbstractConnector - Started SelectChannelConnector@127.0.0.1:44165
2017-06-01 19:10:08,294 [Stop Help Server] INFO  o.e.j.server.handler.ContextHandler - stopped o.e.j.s.ServletContextHandler{/help,null}
2017-06-02 10:15:28,534 [Start Help Server] INFO  org.eclipse.jetty.server.Server - jetty-8.1.14.v20131031
2017-06-02 10:15:28,746 [Start Help Server] INFO  o.e.jetty.server.AbstractConnector - Started SelectChannelConnector@127.0.0.1:37099
2017-06-02 15:19:37,932 [Stop Help Server] INFO  o.e.j.server.handler.ContextHandler - stopped o.e.j.s.ServletContextHandler{/help,null}
2017-06-02 16:13:25,382 [Start Help Server] INFO  org.eclipse.jetty.server.Server - jetty-8.1.14.v20131031
2017-06-02 16:13:25,413 [Start Help Server] INFO  o.e.jetty.server.AbstractConnector - Started SelectChannelConnector@127.0.0.1:56063
2017-06-02 19:04:29,804 [Stop Help Server] INFO  o.e.j.server.handler.ContextHandler - stopped o.e.j.s.ServletContextHandler{/help,null}
2017-06-05 09:33:16,343 [Start Help Server] INFO  org.eclipse.jetty.server.Server - jetty-8.1.14.v20131031
2017-06-05 09:33:16,359 [Start Help Server] INFO  o.e.jetty.server.AbstractConnector - Started SelectChannelConnector@127.0.0.1:41641
2017-06-05 09:56:28,623 [Stop Help Server] INFO  o.e.j.server.handler.ContextHandler - stopped o.e.j.s.ServletContextHandler{/help,null}
2017-06-05 09:57:01,773 [Start Help Server] INFO  org.eclipse.jetty.server.Server - jetty-8.1.14.v20131031
2017-06-05 09:57:01,882 [Start Help Server] INFO  o.e.jetty.server.AbstractConnector - Started SelectChannelConnector@127.0.0.1:41691
2017-06-05 09:59:07,391 [Stop Help Server] INFO  o.e.j.server.handler.ContextHandler - stopped o.e.j.s.ServletContextHandler{/help,null}
2017-06-05 10:01:51,459 [Start Help Server] INFO  org.eclipse.jetty.server.Server - jetty-8.1.14.v20131031
2017-06-05 10:01:51,522 [Start Help Server] INFO  o.e.jetty.server.AbstractConnector - Started SelectChannelConnector@127.0.0.1:41845
2017-06-05 10:02:47,837 [Stop Help Server] INFO  o.e.j.server.handler.ContextHandler - stopped o.e.j.s.ServletContextHandler{/help,null}
2017-06-05 10:03:11,531 [Start Help Server] INFO  org.eclipse.jetty.server.Server - jetty-8.1.14.v20131031
2017-06-05 10:03:11,656 [Start Help Server] INFO  o.e.jetty.server.AbstractConnector - Started SelectChannelConnector@127.0.0.1:41882
2017-06-05 10:05:07,389 [Stop Help Server] INFO  o.e.j.server.handler.ContextHandler - stopped o.e.j.s.ServletContextHandler{/help,null}
2017-06-05 10:13:51,775 [Start Help Server] INFO  org.eclipse.jetty.server.Server - jetty-8.1.14.v20131031
2017-06-05 10:13:51,906 [Start Help Server] INFO  o.e.jetty.server.AbstractConnector - Started SelectChannelConnector@127.0.0.1:41958
2017-06-05 10:14:47,495 [Stop Help Server] INFO  o.e.j.server.handler.ContextHandler - stopped o.e.j.s.ServletContextHandler{/help,null}
2017-06-05 10:14:47,758 [Stop Help Server] WARN  o.e.j.util.thread.QueuedThreadPool - 1 threads could not be stopped
2017-06-05 10:14:47,773 [Stop Help Server] INFO  o.e.j.util.thread.QueuedThreadPool - Couldn't stop Thread[qtp1655362716-76,5,main]
2017-06-05 10:22:44,588 [Start Help Server] INFO  org.eclipse.jetty.server.Server - jetty-8.1.14.v20131031
2017-06-05 10:22:44,760 [Start Help Server] INFO  o.e.jetty.server.AbstractConnector - Started SelectChannelConnector@127.0.0.1:34114
2017-06-05 10:24:13,479 [Stop Help Server] INFO  o.e.j.server.handler.ContextHandler - stopped o.e.j.s.ServletContextHandler{/help,null}
2017-06-05 14:28:18,303 [Start Help Server] INFO  org.eclipse.jetty.server.Server - jetty-8.1.14.v20131031
2017-06-05 14:28:19,317 [Start Help Server] INFO  o.e.jetty.server.AbstractConnector - Started SelectChannelConnector@127.0.0.1:27668
2017-06-05 14:57:21,322 [Stop Help Server] INFO  o.e.j.server.handler.ContextHandler - stopped o.e.j.s.ServletContextHandler{/help,null}
2017-06-05 15:00:13,902 [Start Help Server] INFO  org.eclipse.jetty.server.Server - jetty-8.1.14.v20131031
2017-06-05 15:00:14,027 [Start Help Server] INFO  o.e.jetty.server.AbstractConnector - Started SelectChannelConnector@127.0.0.1:28052
2017-06-05 19:06:02,647 [Stop Help Server] INFO  o.e.j.server.handler.ContextHandler - stopped o.e.j.s.ServletContextHandler{/help,null}
2017-06-06 09:45:08,323 [Start Help Server] INFO  org.eclipse.jetty.server.Server - jetty-8.1.14.v20131031
2017-06-06 09:45:09,108 [Start Help Server] INFO  o.e.jetty.server.AbstractConnector - Started SelectChannelConnector@127.0.0.1:62961
2017-06-06 11:34:37,494 [Stop Help Server] INFO  o.e.j.server.handler.ContextHandler - stopped o.e.j.s.ServletContextHandler{/help,null}
2017-06-06 11:35:41,093 [Start Help Server] INFO  org.eclipse.jetty.server.Server - jetty-8.1.14.v20131031
2017-06-06 11:35:41,208 [Start Help Server] INFO  o.e.jetty.server.AbstractConnector - Started SelectChannelConnector@127.0.0.1:26828
2017-06-06 19:03:43,927 [Stop Help Server] INFO  o.e.j.server.handler.ContextHandler - stopped o.e.j.s.ServletContextHandler{/help,null}
2017-06-07 10:08:17,038 [Start Help Server] INFO  org.eclipse.jetty.server.Server - jetty-8.1.14.v20131031
2017-06-07 10:08:17,306 [Start Help Server] INFO  o.e.jetty.server.AbstractConnector - Started SelectChannelConnector@127.0.0.1:9278
2017-06-07 13:59:08,912 [Start Help Server] INFO  org.eclipse.jetty.server.Server - jetty-8.1.14.v20131031
2017-06-07 13:59:09,434 [Start Help Server] INFO  o.e.jetty.server.AbstractConnector - Started SelectChannelConnector@127.0.0.1:38724
2017-06-08 09:45:51,179 [Stop Help Server] INFO  o.e.j.server.handler.ContextHandler - stopped o.e.j.s.ServletContextHandler{/help,null}
2017-06-09 13:57:52,523 [Start Help Server] INFO  org.eclipse.jetty.server.Server - jetty-8.1.14.v20131031
2017-06-09 13:57:52,744 [Start Help Server] INFO  o.e.jetty.server.AbstractConnector - Started SelectChannelConnector@127.0.0.1:33282
2017-06-09 19:05:12,267 [Stop Help Server] INFO  o.e.j.server.handler.ContextHandler - stopped o.e.j.s.ServletContextHandler{/help,null}
2017-06-12 09:51:04,926 [Start Help Server] INFO  org.eclipse.jetty.server.Server - jetty-8.1.14.v20131031
2017-06-12 09:51:05,064 [Start Help Server] INFO  o.e.jetty.server.AbstractConnector - Started SelectChannelConnector@127.0.0.1:51824
2017-06-12 19:02:13,502 [Stop Help Server] INFO  o.e.j.server.handler.ContextHandler - stopped o.e.j.s.ServletContextHandler{/help,null}
2017-06-14 12:17:56,104 [Start Help Server] INFO  org.eclipse.jetty.server.Server - jetty-8.1.14.v20131031
2017-06-14 12:17:56,432 [Start Help Server] INFO  o.e.jetty.server.AbstractConnector - Started SelectChannelConnector@127.0.0.1:59219
2017-06-14 12:33:38,401 [Worker-27] INFO  o.e.m.c.i.l.LifecycleMappingFactory - Using org.eclipse.m2e.jdt.JarLifecycleMapping lifecycle mapping for MavenProject: Groupid:Artifactid:0.0.1-SNAPSHOT @ D:\karthi\Java\Artifactid\pom.xml.
2017-06-14 12:33:41,334 [Worker-27] INFO  o.e.m.j.i.AbstractJavaProjectConfigurator - Adding source folder /Artifactid/src/main/java
2017-06-14 12:33:41,334 [Worker-27] INFO  o.e.m.j.i.AbstractJavaProjectConfigurator - Adding resource folder /Artifactid/src/main/resources
2017-06-14 12:33:41,334 [Worker-27] INFO  o.e.m.j.i.AbstractJavaProjectConfigurator - Adding source folder /Artifactid/src/test/java
2017-06-14 12:33:41,334 [Worker-27] INFO  o.e.m.j.i.AbstractJavaProjectConfigurator - Adding resource folder /Artifactid/src/test/resources
2017-06-14 12:33:44,033 [Worker-16] INFO  o.e.m.c.i.l.LifecycleMappingFactory - Using org.eclipse.m2e.jdt.JarLifecycleMapping lifecycle mapping for MavenProject: Groupid:Artifactid:0.0.1-SNAPSHOT @ D:\karthi\Java\Artifactid\pom.xml.
2017-06-14 12:33:45,905 [Worker-16] WARN  o.e.m.c.i.embedder.EclipseLogger - Using platform encoding (Cp1252 actually) to copy filtered resources, i.e. build is platform dependent!
2017-06-14 12:33:46,014 [Worker-16] INFO  o.e.m.c.i.embedder.EclipseLogger - Copying 0 resource
2017-06-14 12:33:46,029 [Worker-16] WARN  o.e.m.c.i.embedder.EclipseLogger - Using platform encoding (Cp1252 actually) to copy filtered resources, i.e. build is platform dependent!
2017-06-14 12:33:46,029 [Worker-16] INFO  o.e.m.c.i.embedder.EclipseLogger - Copying 0 resource
2017-06-14 12:38:50,451 [Worker-33] WARN  o.e.m.c.i.embedder.EclipseLogger - Using platform encoding (Cp1252 actually) to copy filtered resources, i.e. build is platform dependent!
2017-06-14 12:38:50,451 [Worker-33] INFO  o.e.m.c.i.embedder.EclipseLogger - Copying 0 resource
2017-06-14 12:38:50,451 [Worker-33] WARN  o.e.m.c.i.embedder.EclipseLogger - Using platform encoding (Cp1252 actually) to copy filtered resources, i.e. build is platform dependent!
2017-06-14 12:38:50,451 [Worker-33] INFO  o.e.m.c.i.embedder.EclipseLogger - Copying 0 resource
2017-06-14 12:41:35,142 [main] INFO  o.e.m2e.actions.ExecutePomAction - Creating new launch configuration
2017-06-14 12:42:04,065 [main] INFO  o.e.m.c.i.e.AbstractTransferListenerAdapter - Downloaded http://nexus.kgfsl.com:8081/nexus/repository/maven-public/org/eclipse/m2e/org.eclipse.m2e.cliresolver31/1.0.100-SNAPSHOT/maven-metadata.xml
2017-06-14 12:42:04,097 [main] INFO  o.e.m.c.i.e.AbstractTransferListenerAdapter - Downloaded http://nexus.kgfsl.com:8081/nexus/repository/maven-public/org/eclipse/m2e/org.eclipse.m2e.cliresolver31/1.0.100-SNAPSHOT/org.eclipse.m2e.cliresolver31-1.0.100-SNAPSHOT-sources.jar
2017-06-14 12:42:05,844 [main] INFO  o.e.m.c.i.e.AbstractTransferListenerAdapter - Downloading http://nexus.kgfsl.com:8081/nexus/repository/maven-public/org/codehaus/plexus/plexus-classworlds/2.5.1/plexus-classworlds-2.5.1-sources.jar
2017-06-14 12:42:06,546 [main] INFO  o.e.m.c.i.e.AbstractTransferListenerAdapter - Downloaded http://nexus.kgfsl.com:8081/nexus/repository/maven-public/org/codehaus/plexus/plexus-classworlds/2.5.1/plexus-classworlds-2.5.1-sources.jar
2017-06-14 12:42:06,764 [main] INFO  o.e.m.c.i.e.AbstractTransferListenerAdapter - Downloading http://nexus.kgfsl.com:8081/nexus/repository/maven-public/io/takari/aether/takari-local-repository/0.9.0/takari-local-repository-0.9.0-sources.jar
2017-06-14 12:42:07,139 [main] INFO  o.e.m.c.i.e.AbstractTransferListenerAdapter - Downloaded http://nexus.kgfsl.com:8081/nexus/repository/maven-public/io/takari/aether/takari-local-repository/0.9.0/takari-local-repository-0.9.0-sources.jar
2017-06-14 12:42:07,310 [main] INFO  o.e.m.c.i.e.AbstractTransferListenerAdapter - Downloading http://nexus.kgfsl.com:8081/nexus/repository/maven-public/io/takari/takari-filemanager/0.7.0/takari-filemanager-0.7.0-sources.jar
2017-06-14 12:42:07,685 [main] INFO  o.e.m.c.i.e.AbstractTransferListenerAdapter - Downloaded http://nexus.kgfsl.com:8081/nexus/repository/maven-public/io/takari/takari-filemanager/0.7.0/takari-filemanager-0.7.0-sources.jar
2017-06-14 12:42:09,213 [main] INFO  o.e.m.c.i.e.AbstractTransferListenerAdapter - Downloading http://nexus.kgfsl.com:8081/nexus/repository/maven-public/org/apache/maven/maven-core/3.2.1/maven-core-3.2.1-sources.jar
2017-06-14 12:42:09,853 [main] INFO  o.e.m.c.i.e.AbstractTransferListenerAdapter - Downloaded http://nexus.kgfsl.com:8081/nexus/repository/maven-public/org/apache/maven/maven-core/3.2.1/maven-core-3.2.1-sources.jar
2017-06-14 12:42:10,493 [main] INFO  o.e.m.c.i.e.AbstractTransferListenerAdapter - Downloading http://nexus.kgfsl.com:8081/nexus/repository/maven-public/org/apache/maven/maven-model/3.2.1/maven-model-3.2.1-sources.jar
2017-06-14 12:42:11,226 [main] INFO  o.e.m.c.i.e.AbstractTransferListenerAdapter - Downloaded http://nexus.kgfsl.com:8081/nexus/repository/maven-public/org/apache/maven/maven-model/3.2.1/maven-model-3.2.1-sources.jar
2017-06-14 12:42:11,569 [main] INFO  o.e.m.c.i.e.AbstractTransferListenerAdapter - Downloading http://nexus.kgfsl.com:8081/nexus/repository/maven-public/org/apache/maven/maven-settings/3.2.1/maven-settings-3.2.1-sources.jar
2017-06-14 12:42:12,427 [main] INFO  o.e.m.c.i.e.AbstractTransferListenerAdapter - Downloaded http://nexus.kgfsl.com:8081/nexus/repository/maven-public/org/apache/maven/maven-settings/3.2.1/maven-settings-3.2.1-sources.jar
2017-06-14 12:42:12,817 [main] INFO  o.e.m.c.i.e.AbstractTransferListenerAdapter - Downloading http://nexus.kgfsl.com:8081/nexus/repository/maven-public/org/apache/maven/maven-settings-builder/3.2.1/maven-settings-builder-3.2.1-sources.jar
2017-06-14 12:42:13,457 [main] INFO  o.e.m.c.i.e.AbstractTransferListenerAdapter - Downloaded http://nexus.kgfsl.com:8081/nexus/repository/maven-public/org/apache/maven/maven-settings-builder/3.2.1/maven-settings-builder-3.2.1-sources.jar
2017-06-14 12:42:13,909 [main] INFO  o.e.m.c.i.e.AbstractTransferListenerAdapter - Downloading http://nexus.kgfsl.com:8081/nexus/repository/maven-public/org/apache/maven/maven-repository-metadata/3.2.1/maven-repository-metadata-3.2.1-sources.jar
2017-06-14 12:42:15,110 [main] INFO  o.e.m.c.i.e.AbstractTransferListenerAdapter - Downloaded http://nexus.kgfsl.com:8081/nexus/repository/maven-public/org/apache/maven/maven-repository-metadata/3.2.1/maven-repository-metadata-3.2.1-sources.jar
2017-06-14 12:42:16,187 [main] INFO  o.e.m.c.i.e.AbstractTransferListenerAdapter - Downloading http://nexus.kgfsl.com:8081/nexus/repository/maven-public/org/apache/maven/maven-artifact/3.2.1/maven-artifact-3.2.1-sources.jar
2017-06-14 12:42:17,622 [main] INFO  o.e.m.c.i.e.AbstractTransferListenerAdapter - Downloaded http://nexus.kgfsl.com:8081/nexus/repository/maven-public/org/apache/maven/maven-artifact/3.2.1/maven-artifact-3.2.1-sources.jar
2017-06-14 12:42:18,090 [main] INFO  o.e.m.c.i.e.AbstractTransferListenerAdapter - Downloading http://nexus.kgfsl.com:8081/nexus/repository/maven-public/org/apache/maven/maven-plugin-api/3.2.1/maven-plugin-api-3.2.1-sources.jar
2017-06-14 12:42:19,166 [main] INFO  o.e.m.c.i.e.AbstractTransferListenerAdapter - Downloaded http://nexus.kgfsl.com:8081/nexus/repository/maven-public/org/apache/maven/maven-plugin-api/3.2.1/maven-plugin-api-3.2.1-sources.jar
2017-06-14 12:42:20,492 [main] INFO  o.e.m.c.i.e.AbstractTransferListenerAdapter - Downloading http://nexus.kgfsl.com:8081/nexus/repository/maven-public/org/apache/maven/maven-model-builder/3.2.1/maven-model-builder-3.2.1-sources.jar
2017-06-14 12:42:22,941 [main] INFO  o.e.m.c.i.e.AbstractTransferListenerAdapter - Downloaded http://nexus.kgfsl.com:8081/nexus/repository/maven-public/org/apache/maven/maven-model-builder/3.2.1/maven-model-builder-3.2.1-sources.jar
2017-06-14 12:42:25,125 [main] INFO  o.e.m.c.i.e.AbstractTransferListenerAdapter - Downloading http://nexus.kgfsl.com:8081/nexus/repository/maven-public/org/apache/maven/maven-aether-provider/3.2.1/maven-aether-provider-3.2.1-sources.jar
2017-06-14 12:42:25,968 [main] INFO  o.e.m.c.i.e.AbstractTransferListenerAdapter - Downloaded http://nexus.kgfsl.com:8081/nexus/repository/maven-public/org/apache/maven/maven-aether-provider/3.2.1/maven-aether-provider-3.2.1-sources.jar
2017-06-14 12:42:26,654 [main] INFO  o.e.m.c.i.e.AbstractTransferListenerAdapter - Downloading http://nexus.kgfsl.com:8081/nexus/repository/maven-public/org/eclipse/aether/aether-api/0.9.0.M2/aether-api-0.9.0.M2-sources.jar
2017-06-14 12:42:28,043 [main] INFO  o.e.m.c.i.e.AbstractTransferListenerAdapter - Downloaded http://nexus.kgfsl.com:8081/nexus/repository/maven-public/org/eclipse/aether/aether-api/0.9.0.M2/aether-api-0.9.0.M2-sources.jar
2017-06-14 12:42:28,526 [main] INFO  o.e.m.c.i.e.AbstractTransferListenerAdapter - Downloading http://nexus.kgfsl.com:8081/nexus/repository/maven-public/org/eclipse/aether/aether-util/0.9.0.M2/aether-util-0.9.0.M2-sources.jar
2017-06-14 12:42:29,369 [main] INFO  o.e.m.c.i.e.AbstractTransferListenerAdapter - Downloaded http://nexus.kgfsl.com:8081/nexus/repository/maven-public/org/eclipse/aether/aether-util/0.9.0.M2/aether-util-0.9.0.M2-sources.jar
2017-06-14 12:42:30,133 [main] INFO  o.e.m.c.i.e.AbstractTransferListenerAdapter - Downloading http://nexus.kgfsl.com:8081/nexus/repository/maven-public/org/codehaus/plexus/plexus-interpolation/1.19/plexus-interpolation-1.19-sources.jar
2017-06-14 12:42:30,788 [main] INFO  o.e.m.c.i.e.AbstractTransferListenerAdapter - Downloaded http://nexus.kgfsl.com:8081/nexus/repository/maven-public/org/codehaus/plexus/plexus-interpolation/1.19/plexus-interpolation-1.19-sources.jar
2017-06-14 12:42:31,397 [main] INFO  o.e.m.c.i.e.AbstractTransferListenerAdapter - Downloading http://nexus.kgfsl.com:8081/nexus/repository/maven-public/org/codehaus/plexus/plexus-utils/3.0.17/plexus-utils-3.0.17-sources.jar
2017-06-14 12:42:32,099 [main] INFO  o.e.m.c.i.e.AbstractTransferListenerAdapter - Downloaded http://nexus.kgfsl.com:8081/nexus/repository/maven-public/org/codehaus/plexus/plexus-utils/3.0.17/plexus-utils-3.0.17-sources.jar
2017-06-14 12:42:32,270 [main] INFO  o.e.m.c.i.e.AbstractTransferListenerAdapter - Downloading http://nexus.kgfsl.com:8081/nexus/repository/maven-public/org/codehaus/plexus/plexus-component-annotations/1.5.5/plexus-component-annotations-1.5.5-sources.jar
2017-06-14 12:42:32,754 [main] INFO  o.e.m.c.i.e.AbstractTransferListenerAdapter - Downloaded http://nexus.kgfsl.com:8081/nexus/repository/maven-public/org/codehaus/plexus/plexus-component-annotations/1.5.5/plexus-component-annotations-1.5.5-sources.jar
2017-06-14 12:42:32,879 [main] INFO  o.e.m.c.i.e.AbstractTransferListenerAdapter - Downloading http://nexus.kgfsl.com:8081/nexus/repository/maven-public/org/sonatype/plexus/plexus-sec-dispatcher/1.3/plexus-sec-dispatcher-1.3-sources.jar
2017-06-14 12:42:33,409 [main] INFO  o.e.m.c.i.e.AbstractTransferListenerAdapter - Downloaded http://nexus.kgfsl.com:8081/nexus/repository/maven-public/org/sonatype/plexus/plexus-sec-dispatcher/1.3/plexus-sec-dispatcher-1.3-sources.jar
2017-06-14 12:42:34,033 [main] INFO  o.e.m.c.i.e.AbstractTransferListenerAdapter - Downloading http://nexus.kgfsl.com:8081/nexus/repository/maven-public/org/apache/maven/maven-embedder/3.2.1/maven-embedder-3.2.1-sources.jar
2017-06-14 12:42:35,406 [main] INFO  o.e.m.c.i.e.AbstractTransferListenerAdapter - Downloaded http://nexus.kgfsl.com:8081/nexus/repository/maven-public/org/apache/maven/maven-embedder/3.2.1/maven-embedder-3.2.1-sources.jar
2017-06-14 12:42:35,624 [main] INFO  o.e.m.c.i.e.AbstractTransferListenerAdapter - Downloading http://nexus.kgfsl.com:8081/nexus/repository/maven-public/org/sonatype/plexus/plexus-cipher/1.7/plexus-cipher-1.7-sources.jar
2017-06-14 12:42:36,342 [main] INFO  o.e.m.c.i.e.AbstractTransferListenerAdapter - Downloaded http://nexus.kgfsl.com:8081/nexus/repository/maven-public/org/sonatype/plexus/plexus-cipher/1.7/plexus-cipher-1.7-sources.jar
2017-06-14 12:42:36,591 [main] INFO  o.e.m.c.i.e.AbstractTransferListenerAdapter - Downloading http://nexus.kgfsl.com:8081/nexus/repository/maven-public/commons-cli/commons-cli/1.2/commons-cli-1.2-sources.jar
2017-06-14 12:42:37,028 [main] INFO  o.e.m.c.i.e.AbstractTransferListenerAdapter - Downloaded http://nexus.kgfsl.com:8081/nexus/repository/maven-public/commons-cli/commons-cli/1.2/commons-cli-1.2-sources.jar
2017-06-14 12:42:38,775 [main] INFO  o.e.m.c.i.e.AbstractTransferListenerAdapter - Downloading http://nexus.kgfsl.com:8081/nexus/repository/maven-public/org/apache/maven/maven-compat/3.2.1/maven-compat-3.2.1-sources.jar
2017-06-14 14:08:55,142 [Worker-11] INFO  o.e.m.c.i.l.LifecycleMappingFactory - Using org.eclipse.m2e.jdt.JarLifecycleMapping lifecycle mapping for MavenProject: Groupid:Artifactid:0.0.1-SNAPSHOT @ D:\karthi\Java\Artifactid\pom.xml.
2017-06-14 14:09:02,491 [Worker-7] INFO  o.e.m.c.i.l.LifecycleMappingFactory - Using org.eclipse.m2e.jdt.JarLifecycleMapping lifecycle mapping for MavenProject: Groupid:Artifactid:0.0.1-SNAPSHOT @ D:\karthi\Java\Artifactid\pom.xml.
2017-06-14 14:09:02,506 [Worker-11] WARN  o.e.m.c.i.embedder.EclipseLogger - Using platform encoding (Cp1252 actually) to copy filtered resources, i.e. build is platform dependent!
2017-06-14 14:09:02,545 [Worker-11] INFO  o.e.m.c.i.embedder.EclipseLogger - Copying 0 resource
2017-06-14 14:09:02,547 [Worker-11] WARN  o.e.m.c.i.embedder.EclipseLogger - Using platform encoding (Cp1252 actually) to copy filtered resources, i.e. build is platform dependent!
2017-06-14 14:09:02,547 [Worker-11] INFO  o.e.m.c.i.embedder.EclipseLogger - Copying 0 resource
2017-06-14 14:09:08,447 [Worker-3] WARN  o.e.m.c.i.embedder.EclipseLogger - Using platform encoding (Cp1252 actually) to copy filtered resources, i.e. build is platform dependent!
2017-06-14 14:09:08,451 [Worker-3] INFO  o.e.m.c.i.embedder.EclipseLogger - Copying 0 resource
2017-06-14 14:09:08,453 [Worker-3] WARN  o.e.m.c.i.embedder.EclipseLogger - Using platform encoding (Cp1252 actually) to copy filtered resources, i.e. build is platform dependent!
2017-06-14 14:09:08,454 [Worker-3] INFO  o.e.m.c.i.embedder.EclipseLogger - Copying 0 resource
2017-06-14 14:09:11,823 [main] ERROR o.e.m2e.editor.pom.OverviewPage - Failed to populate overview panel
java.lang.NullPointerException: null
	at org.eclipse.m2e.core.ui.internal.editing.PomEdits.performOnDOMDocument(PomEdits.java:460) ~[org.eclipse.m2e.core.ui_1.5.2.20150413-2215.jar:na]
	at org.eclipse.m2e.editor.pom.OverviewPage$17.run(OverviewPage.java:1128) ~[na:na]
	at org.eclipse.swt.widgets.RunnableLock.run(RunnableLock.java:35) [org.eclipse.swt.win32.win32.x86_64_3.103.0.v20140605-2012.jar:na]
	at org.eclipse.swt.widgets.Synchronizer.runAsyncMessages(Synchronizer.java:136) [org.eclipse.swt.win32.win32.x86_64_3.103.0.v20140605-2012.jar:na]
	at org.eclipse.swt.widgets.Display.runAsyncMessages(Display.java:4147) [org.eclipse.swt.win32.win32.x86_64_3.103.0.v20140605-2012.jar:na]
	at org.eclipse.swt.widgets.Display.readAndDispatch(Display.java:3764) [org.eclipse.swt.win32.win32.x86_64_3.103.0.v20140605-2012.jar:na]
	at org.eclipse.e4.ui.internal.workbench.swt.PartRenderingEngine$9.run(PartRenderingEngine.java:1151) [org.eclipse.e4.ui.workbench.swt_0.12.100.v20140530-1436.jar:na]
	at org.eclipse.core.databinding.observable.Realm.runWithDefault(Realm.java:332) [org.eclipse.core.databinding.observable_1.4.1.v20140210-1835.jar:na]
	at org.eclipse.e4.ui.internal.workbench.swt.PartRenderingEngine.run(PartRenderingEngine.java:1032) [org.eclipse.e4.ui.workbench.swt_0.12.100.v20140530-1436.jar:na]
	at org.eclipse.e4.ui.internal.workbench.E4Workbench.createAndRunUI(E4Workbench.java:148) [org.eclipse.e4.ui.workbench_1.1.0.v20140528-1949.jar:na]
	at org.eclipse.ui.internal.Workbench$5.run(Workbench.java:636) [org.eclipse.ui.workbench_3.106.0.v20140530-0732.jar:na]
	at org.eclipse.core.databinding.observable.Realm.runWithDefault(Realm.java:332) [org.eclipse.core.databinding.observable_1.4.1.v20140210-1835.jar:na]
	at org.eclipse.ui.internal.Workbench.createAndRunWorkbench(Workbench.java:579) [org.eclipse.ui.workbench_3.106.0.v20140530-0732.jar:na]
	at org.eclipse.ui.PlatformUI.createAndRunWorkbench(PlatformUI.java:150) [org.eclipse.ui.workbench_3.106.0.v20140530-0732.jar:na]
	at org.eclipse.ui.internal.ide.application.IDEApplication.start(IDEApplication.java:135) [org.eclipse.ui.ide.application_1.0.500.v20140514-2033.jar:na]
	at org.eclipse.equinox.internal.app.EclipseAppHandle.run(EclipseAppHandle.java:196) [org.eclipse.equinox.app_1.3.200.v20130910-1609.jar:na]
	at org.eclipse.core.runtime.internal.adaptor.EclipseAppLauncher.runApplication(EclipseAppLauncher.java:134) [org.eclipse.osgi_3.10.0.v20140606-1445.jar:na]
	at org.eclipse.core.runtime.internal.adaptor.EclipseAppLauncher.start(EclipseAppLauncher.java:104) [org.eclipse.osgi_3.10.0.v20140606-1445.jar:na]
	at org.eclipse.core.runtime.adaptor.EclipseStarter.run(EclipseStarter.java:382) [org.eclipse.osgi_3.10.0.v20140606-1445.jar:na]
	at org.eclipse.core.runtime.adaptor.EclipseStarter.run(EclipseStarter.java:236) [org.eclipse.osgi_3.10.0.v20140606-1445.jar:na]
	at sun.reflect.NativeMethodAccessorImpl.invoke0(Native Method) ~[na:1.8.0_45]
	at sun.reflect.NativeMethodAccessorImpl.invoke(NativeMethodAccessorImpl.java:62) ~[na:1.8.0_45]
	at sun.reflect.DelegatingMethodAccessorImpl.invoke(DelegatingMethodAccessorImpl.java:43) ~[na:1.8.0_45]
	at java.lang.reflect.Method.invoke(Method.java:497) ~[na:1.8.0_45]
	at org.eclipse.equinox.launcher.Main.invokeFramework(Main.java:648) [org.eclipse.equinox.launcher_1.3.0.v20140415-2008.jar:na]
	at org.eclipse.equinox.launcher.Main.basicRun(Main.java:603) [org.eclipse.equinox.launcher_1.3.0.v20140415-2008.jar:na]
	at org.eclipse.equinox.launcher.Main.run(Main.java:1465) [org.eclipse.equinox.launcher_1.3.0.v20140415-2008.jar:na]
2017-06-14 14:09:14,300 [Worker-10] INFO  o.e.m.c.i.l.LifecycleMappingFactory - Using org.eclipse.m2e.jdt.JarLifecycleMapping lifecycle mapping for MavenProject: Groupid:Artifactid:0.0.1-SNAPSHOT @ D:\karthi\Java\Artifactid\pom.xml.
2017-06-14 14:09:14,347 [Worker-10] WARN  o.e.m.c.i.embedder.EclipseLogger - Using platform encoding (Cp1252 actually) to copy filtered resources, i.e. build is platform dependent!
2017-06-14 14:09:14,348 [Worker-10] INFO  o.e.m.c.i.embedder.EclipseLogger - Copying 0 resource
2017-06-14 14:09:14,349 [Worker-10] WARN  o.e.m.c.i.embedder.EclipseLogger - Using platform encoding (Cp1252 actually) to copy filtered resources, i.e. build is platform dependent!
2017-06-14 14:09:14,350 [Worker-10] INFO  o.e.m.c.i.embedder.EclipseLogger - Copying 0 resource
2017-06-14 14:09:15,006 [Start Help Server] INFO  org.eclipse.jetty.server.Server - jetty-8.1.14.v20131031
2017-06-14 14:09:15,661 [Start Help Server] INFO  o.e.jetty.server.AbstractConnector - Started SelectChannelConnector@127.0.0.1:54546
2017-06-14 19:11:20,207 [Stop Help Server] INFO  o.e.j.server.handler.ContextHandler - stopped o.e.j.s.ServletContextHandler{/help,null}
2017-06-15 12:03:35,742 [Worker-5] ERROR o.e.m.c.i.l.LifecycleMappingFactory - Plug-in org.eclipse.m2e.jdt was unable to load class org.eclipse.m2e.jdt.internal.JarLifecycleMapping.
org.eclipse.core.runtime.CoreException: Plug-in org.eclipse.m2e.jdt was unable to load class org.eclipse.m2e.jdt.internal.JarLifecycleMapping.
	at org.eclipse.core.internal.registry.osgi.RegistryStrategyOSGI.throwException(RegistryStrategyOSGI.java:194) ~[org.eclipse.equinox.registry_3.5.400.v20140428-1507.jar:na]
	at org.eclipse.core.internal.registry.osgi.RegistryStrategyOSGI.createExecutableExtension(RegistryStrategyOSGI.java:176) ~[org.eclipse.equinox.registry_3.5.400.v20140428-1507.jar:na]
	at org.eclipse.core.internal.registry.ExtensionRegistry.createExecutableExtension(ExtensionRegistry.java:905) ~[org.eclipse.equinox.registry_3.5.400.v20140428-1507.jar:na]
	at org.eclipse.core.internal.registry.ConfigurationElement.createExecutableExtension(ConfigurationElement.java:243) ~[org.eclipse.equinox.registry_3.5.400.v20140428-1507.jar:na]
	at org.eclipse.core.internal.registry.ConfigurationElementHandle.createExecutableExtension(ConfigurationElementHandle.java:55) ~[org.eclipse.equinox.registry_3.5.400.v20140428-1507.jar:na]
	at org.eclipse.m2e.core.internal.lifecyclemapping.LifecycleMappingFactory.createLifecycleMapping(LifecycleMappingFactory.java:868) [org.eclipse.m2e.core_1.5.2.20150413-2215.jar:na]
	at org.eclipse.m2e.core.internal.lifecyclemapping.LifecycleMappingFactory.getLifecycleMapping(LifecycleMappingFactory.java:919) [org.eclipse.m2e.core_1.5.2.20150413-2215.jar:na]
	at org.eclipse.m2e.core.internal.lifecyclemapping.LifecycleMappingFactory.getLifecycleMapping(LifecycleMappingFactory.java:1293) [org.eclipse.m2e.core_1.5.2.20150413-2215.jar:na]
	at org.eclipse.m2e.core.internal.project.ProjectConfigurationManager.getLifecycleMapping(ProjectConfigurationManager.java:992) [org.eclipse.m2e.core_1.5.2.20150413-2215.jar:na]
	at org.eclipse.m2e.core.internal.builder.MavenBuilder$BuildMethod$1$1.call(MavenBuilder.java:107) [org.eclipse.m2e.core_1.5.2.20150413-2215.jar:na]
	at org.eclipse.m2e.core.internal.embedder.MavenExecutionContext.executeBare(MavenExecutionContext.java:166) [org.eclipse.m2e.core_1.5.2.20150413-2215.jar:na]
	at org.eclipse.m2e.core.internal.embedder.MavenExecutionContext.execute(MavenExecutionContext.java:109) [org.eclipse.m2e.core_1.5.2.20150413-2215.jar:na]
	at org.eclipse.m2e.core.internal.builder.MavenBuilder$BuildMethod$1.call(MavenBuilder.java:105) [org.eclipse.m2e.core_1.5.2.20150413-2215.jar:na]
	at org.eclipse.m2e.core.internal.embedder.MavenExecutionContext.executeBare(MavenExecutionContext.java:166) [org.eclipse.m2e.core_1.5.2.20150413-2215.jar:na]
	at org.eclipse.m2e.core.internal.embedder.MavenExecutionContext.execute(MavenExecutionContext.java:142) [org.eclipse.m2e.core_1.5.2.20150413-2215.jar:na]
	at org.eclipse.m2e.core.internal.embedder.MavenExecutionContext.execute(MavenExecutionContext.java:96) [org.eclipse.m2e.core_1.5.2.20150413-2215.jar:na]
	at org.eclipse.m2e.core.internal.builder.MavenBuilder$BuildMethod.execute(MavenBuilder.java:86) [org.eclipse.m2e.core_1.5.2.20150413-2215.jar:na]
	at org.eclipse.m2e.core.internal.builder.MavenBuilder.build(MavenBuilder.java:200) [org.eclipse.m2e.core_1.5.2.20150413-2215.jar:na]
	at org.eclipse.core.internal.events.BuildManager$2.run(BuildManager.java:734) [org.eclipse.core.resources_3.9.0.v20140514-1307.jar:na]
	at org.eclipse.core.runtime.SafeRunner.run(SafeRunner.java:42) [org.eclipse.equinox.common_3.6.200.v20130402-1505.jar:na]
	at org.eclipse.core.internal.events.BuildManager.basicBuild(BuildManager.java:206) [org.eclipse.core.resources_3.9.0.v20140514-1307.jar:na]
	at org.eclipse.core.internal.events.BuildManager.basicBuild(BuildManager.java:246) [org.eclipse.core.resources_3.9.0.v20140514-1307.jar:na]
	at org.eclipse.core.internal.events.BuildManager$1.run(BuildManager.java:299) [org.eclipse.core.resources_3.9.0.v20140514-1307.jar:na]
	at org.eclipse.core.runtime.SafeRunner.run(SafeRunner.java:42) [org.eclipse.equinox.common_3.6.200.v20130402-1505.jar:na]
	at org.eclipse.core.internal.events.BuildManager.basicBuild(BuildManager.java:302) [org.eclipse.core.resources_3.9.0.v20140514-1307.jar:na]
	at org.eclipse.core.internal.events.BuildManager.basicBuildLoop(BuildManager.java:358) [org.eclipse.core.resources_3.9.0.v20140514-1307.jar:na]
	at org.eclipse.core.internal.events.BuildManager.build(BuildManager.java:381) [org.eclipse.core.resources_3.9.0.v20140514-1307.jar:na]
	at org.eclipse.core.internal.events.AutoBuildJob.doBuild(AutoBuildJob.java:143) [org.eclipse.core.resources_3.9.0.v20140514-1307.jar:na]
	at org.eclipse.core.internal.events.AutoBuildJob.run(AutoBuildJob.java:241) [org.eclipse.core.resources_3.9.0.v20140514-1307.jar:na]
	at org.eclipse.core.internal.jobs.Worker.run(Worker.java:54) [org.eclipse.core.jobs_3.6.0.v20140424-0053.jar:na]
Caused by: java.lang.ClassNotFoundException: An error occurred while automatically activating bundle org.eclipse.m2e.jdt (2571).
	at org.eclipse.osgi.internal.hooks.EclipseLazyStarter.postFindLocalClass(EclipseLazyStarter.java:116) ~[na:na]
	at org.eclipse.osgi.internal.loader.classpath.ClasspathManager.findLocalClass(ClasspathManager.java:531) ~[org.eclipse.osgi_3.10.0.v20140606-1445.jar:na]
	at org.eclipse.osgi.internal.loader.ModuleClassLoader.findLocalClass(ModuleClassLoader.java:324) ~[org.eclipse.osgi_3.10.0.v20140606-1445.jar:na]
	at org.eclipse.osgi.internal.loader.BundleLoader.findLocalClass(BundleLoader.java:311) ~[org.eclipse.osgi_3.10.0.v20140606-1445.jar:na]
	at org.eclipse.osgi.internal.loader.BundleLoader.findClassInternal(BundleLoader.java:386) ~[org.eclipse.osgi_3.10.0.v20140606-1445.jar:na]
	at org.eclipse.osgi.internal.loader.BundleLoader.findClass(BundleLoader.java:336) ~[org.eclipse.osgi_3.10.0.v20140606-1445.jar:na]
	at org.eclipse.osgi.internal.loader.BundleLoader.findClass(BundleLoader.java:328) ~[org.eclipse.osgi_3.10.0.v20140606-1445.jar:na]
	at org.eclipse.osgi.internal.loader.ModuleClassLoader.loadClass(ModuleClassLoader.java:160) ~[org.eclipse.osgi_3.10.0.v20140606-1445.jar:na]
	at java.lang.ClassLoader.loadClass(ClassLoader.java:357) ~[na:1.8.0_45]
	at org.eclipse.osgi.internal.framework.EquinoxBundle.loadClass(EquinoxBundle.java:568) ~[org.eclipse.osgi_3.10.0.v20140606-1445.jar:na]
	at org.eclipse.core.internal.registry.osgi.RegistryStrategyOSGI.createExecutableExtension(RegistryStrategyOSGI.java:174) ~[org.eclipse.equinox.registry_3.5.400.v20140428-1507.jar:na]
	at org.eclipse.core.internal.registry.ExtensionRegistry.createExecutableExtension(ExtensionRegistry.java:905) ~[org.eclipse.equinox.registry_3.5.400.v20140428-1507.jar:na]
	at org.eclipse.core.internal.registry.ConfigurationElement.createExecutableExtension(ConfigurationElement.java:243) ~[org.eclipse.equinox.registry_3.5.400.v20140428-1507.jar:na]
	at org.eclipse.core.internal.registry.ConfigurationElementHandle.createExecutableExtension(ConfigurationElementHandle.java:55) ~[org.eclipse.equinox.registry_3.5.400.v20140428-1507.jar:na]
	at org.eclipse.jdt.core.JavaCore.computeClasspathContainerInitializer(JavaCore.java:3294) ~[na:na]
	at org.eclipse.jdt.core.JavaCore.getClasspathContainerInitializer(JavaCore.java:3270) ~[na:na]
	at org.eclipse.jdt.internal.core.JavaModelManager.initializeContainer(JavaModelManager.java:2883) ~[na:na]
	at org.eclipse.jdt.internal.core.JavaModelManager$9.run(JavaModelManager.java:2808) ~[na:na]
	at org.eclipse.core.internal.resources.Workspace.run(Workspace.java:2313) ~[na:na]
	at org.eclipse.jdt.internal.core.JavaModelManager.initializeAllContainers(JavaModelManager.java:2848) ~[na:na]
	at org.eclipse.jdt.internal.core.JavaModelManager.getClasspathContainer(JavaModelManager.java:1932) ~[na:na]
	at org.eclipse.jdt.core.JavaCore.initializeAfterLoad(JavaCore.java:4016) ~[na:na]
	at org.eclipse.jdt.internal.ui.InitializeAfterLoadJob$RealJob.run(InitializeAfterLoadJob.java:36) ~[na:na]
	... 1 common frames omitted
Caused by: org.osgi.framework.BundleException: Exception in org.eclipse.m2e.jdt.MavenJdtPlugin.start() of bundle org.eclipse.m2e.jdt.
	at org.eclipse.osgi.internal.framework.BundleContextImpl.startActivator(BundleContextImpl.java:792) ~[org.eclipse.osgi_3.10.0.v20140606-1445.jar:na]
	at org.eclipse.osgi.internal.framework.BundleContextImpl.start(BundleContextImpl.java:721) ~[org.eclipse.osgi_3.10.0.v20140606-1445.jar:na]
	at org.eclipse.osgi.internal.framework.EquinoxBundle.startWorker0(EquinoxBundle.java:936) ~[org.eclipse.osgi_3.10.0.v20140606-1445.jar:na]
	at org.eclipse.osgi.internal.framework.EquinoxBundle$EquinoxModule.startWorker(EquinoxBundle.java:319) ~[org.eclipse.osgi_3.10.0.v20140606-1445.jar:na]
	at org.eclipse.osgi.container.Module.doStart(Module.java:571) ~[org.eclipse.osgi_3.10.0.v20140606-1445.jar:na]
	at org.eclipse.osgi.container.Module.start(Module.java:439) ~[org.eclipse.osgi_3.10.0.v20140606-1445.jar:na]
	at org.eclipse.osgi.framework.util.SecureAction.start(SecureAction.java:454) ~[org.eclipse.osgi_3.10.0.v20140606-1445.jar:na]
	at org.eclipse.osgi.internal.hooks.EclipseLazyStarter.postFindLocalClass(EclipseLazyStarter.java:107) ~[na:na]
	... 23 common frames omitted
Caused by: java.lang.NullPointerException: null
	at org.eclipse.m2e.jdt.MavenJdtPlugin.start(MavenJdtPlugin.java:102) ~[na:na]
	at org.eclipse.osgi.internal.framework.BundleContextImpl$3.run(BundleContextImpl.java:771) ~[org.eclipse.osgi_3.10.0.v20140606-1445.jar:na]
	at org.eclipse.osgi.internal.framework.BundleContextImpl$3.run(BundleContextImpl.java:1) ~[org.eclipse.osgi_3.10.0.v20140606-1445.jar:na]
	at java.security.AccessController.doPrivileged(Native Method) ~[na:1.8.0_45]
	at org.eclipse.osgi.internal.framework.BundleContextImpl.startActivator(BundleContextImpl.java:764) ~[org.eclipse.osgi_3.10.0.v20140606-1445.jar:na]
	... 30 common frames omitted
2017-06-15 12:03:50,795 [Start Help Server] INFO  org.eclipse.jetty.server.Server - jetty-8.1.14.v20131031
2017-06-15 12:03:51,009 [Start Help Server] INFO  o.e.jetty.server.AbstractConnector - Started SelectChannelConnector@127.0.0.1:63396
2017-06-15 18:59:40,466 [Stop Help Server] INFO  o.e.j.server.handler.ContextHandler - stopped o.e.j.s.ServletContextHandler{/help,null}
2017-06-16 11:44:25,199 [Start Help Server] INFO  org.eclipse.jetty.server.Server - jetty-8.1.14.v20131031
2017-06-16 11:44:25,418 [Start Help Server] INFO  o.e.jetty.server.AbstractConnector - Started SelectChannelConnector@127.0.0.1:12907
2017-06-16 19:08:50,899 [Stop Help Server] INFO  o.e.j.server.handler.ContextHandler - stopped o.e.j.s.ServletContextHandler{/help,null}
2017-06-19 13:38:38,372 [Worker-4] ERROR o.e.m.c.i.l.LifecycleMappingFactory - Plug-in org.eclipse.m2e.jdt was unable to load class org.eclipse.m2e.jdt.internal.JarLifecycleMapping.
org.eclipse.core.runtime.CoreException: Plug-in org.eclipse.m2e.jdt was unable to load class org.eclipse.m2e.jdt.internal.JarLifecycleMapping.
	at org.eclipse.core.internal.registry.osgi.RegistryStrategyOSGI.throwException(RegistryStrategyOSGI.java:194) ~[org.eclipse.equinox.registry_3.5.400.v20140428-1507.jar:na]
	at org.eclipse.core.internal.registry.osgi.RegistryStrategyOSGI.createExecutableExtension(RegistryStrategyOSGI.java:176) ~[org.eclipse.equinox.registry_3.5.400.v20140428-1507.jar:na]
	at org.eclipse.core.internal.registry.ExtensionRegistry.createExecutableExtension(ExtensionRegistry.java:905) ~[org.eclipse.equinox.registry_3.5.400.v20140428-1507.jar:na]
	at org.eclipse.core.internal.registry.ConfigurationElement.createExecutableExtension(ConfigurationElement.java:243) ~[org.eclipse.equinox.registry_3.5.400.v20140428-1507.jar:na]
	at org.eclipse.core.internal.registry.ConfigurationElementHandle.createExecutableExtension(ConfigurationElementHandle.java:55) ~[org.eclipse.equinox.registry_3.5.400.v20140428-1507.jar:na]
	at org.eclipse.m2e.core.internal.lifecyclemapping.LifecycleMappingFactory.createLifecycleMapping(LifecycleMappingFactory.java:868) [org.eclipse.m2e.core_1.5.2.20150413-2215.jar:na]
	at org.eclipse.m2e.core.internal.lifecyclemapping.LifecycleMappingFactory.getLifecycleMapping(LifecycleMappingFactory.java:919) [org.eclipse.m2e.core_1.5.2.20150413-2215.jar:na]
	at org.eclipse.m2e.core.internal.lifecyclemapping.LifecycleMappingFactory.getLifecycleMapping(LifecycleMappingFactory.java:1293) [org.eclipse.m2e.core_1.5.2.20150413-2215.jar:na]
	at org.eclipse.m2e.core.internal.project.ProjectConfigurationManager.getLifecycleMapping(ProjectConfigurationManager.java:992) [org.eclipse.m2e.core_1.5.2.20150413-2215.jar:na]
	at org.eclipse.m2e.core.internal.builder.MavenBuilder$BuildMethod$1$1.call(MavenBuilder.java:107) [org.eclipse.m2e.core_1.5.2.20150413-2215.jar:na]
	at org.eclipse.m2e.core.internal.embedder.MavenExecutionContext.executeBare(MavenExecutionContext.java:166) [org.eclipse.m2e.core_1.5.2.20150413-2215.jar:na]
	at org.eclipse.m2e.core.internal.embedder.MavenExecutionContext.execute(MavenExecutionContext.java:109) [org.eclipse.m2e.core_1.5.2.20150413-2215.jar:na]
	at org.eclipse.m2e.core.internal.builder.MavenBuilder$BuildMethod$1.call(MavenBuilder.java:105) [org.eclipse.m2e.core_1.5.2.20150413-2215.jar:na]
	at org.eclipse.m2e.core.internal.embedder.MavenExecutionContext.executeBare(MavenExecutionContext.java:166) [org.eclipse.m2e.core_1.5.2.20150413-2215.jar:na]
	at org.eclipse.m2e.core.internal.embedder.MavenExecutionContext.execute(MavenExecutionContext.java:142) [org.eclipse.m2e.core_1.5.2.20150413-2215.jar:na]
	at org.eclipse.m2e.core.internal.embedder.MavenExecutionContext.execute(MavenExecutionContext.java:96) [org.eclipse.m2e.core_1.5.2.20150413-2215.jar:na]
	at org.eclipse.m2e.core.internal.builder.MavenBuilder$BuildMethod.execute(MavenBuilder.java:86) [org.eclipse.m2e.core_1.5.2.20150413-2215.jar:na]
	at org.eclipse.m2e.core.internal.builder.MavenBuilder.build(MavenBuilder.java:200) [org.eclipse.m2e.core_1.5.2.20150413-2215.jar:na]
	at org.eclipse.core.internal.events.BuildManager$2.run(BuildManager.java:734) [org.eclipse.core.resources_3.9.0.v20140514-1307.jar:na]
	at org.eclipse.core.runtime.SafeRunner.run(SafeRunner.java:42) [org.eclipse.equinox.common_3.6.200.v20130402-1505.jar:na]
	at org.eclipse.core.internal.events.BuildManager.basicBuild(BuildManager.java:206) [org.eclipse.core.resources_3.9.0.v20140514-1307.jar:na]
	at org.eclipse.core.internal.events.BuildManager.basicBuild(BuildManager.java:246) [org.eclipse.core.resources_3.9.0.v20140514-1307.jar:na]
	at org.eclipse.core.internal.events.BuildManager$1.run(BuildManager.java:299) [org.eclipse.core.resources_3.9.0.v20140514-1307.jar:na]
	at org.eclipse.core.runtime.SafeRunner.run(SafeRunner.java:42) [org.eclipse.equinox.common_3.6.200.v20130402-1505.jar:na]
	at org.eclipse.core.internal.events.BuildManager.basicBuild(BuildManager.java:302) [org.eclipse.core.resources_3.9.0.v20140514-1307.jar:na]
	at org.eclipse.core.internal.events.BuildManager.basicBuildLoop(BuildManager.java:358) [org.eclipse.core.resources_3.9.0.v20140514-1307.jar:na]
	at org.eclipse.core.internal.events.BuildManager.build(BuildManager.java:381) [org.eclipse.core.resources_3.9.0.v20140514-1307.jar:na]
	at org.eclipse.core.internal.events.AutoBuildJob.doBuild(AutoBuildJob.java:143) [org.eclipse.core.resources_3.9.0.v20140514-1307.jar:na]
	at org.eclipse.core.internal.events.AutoBuildJob.run(AutoBuildJob.java:241) [org.eclipse.core.resources_3.9.0.v20140514-1307.jar:na]
	at org.eclipse.core.internal.jobs.Worker.run(Worker.java:54) [org.eclipse.core.jobs_3.6.0.v20140424-0053.jar:na]
Caused by: java.lang.ClassNotFoundException: An error occurred while automatically activating bundle org.eclipse.m2e.jdt (2571).
	at org.eclipse.osgi.internal.hooks.EclipseLazyStarter.postFindLocalClass(EclipseLazyStarter.java:116) ~[na:na]
	at org.eclipse.osgi.internal.loader.classpath.ClasspathManager.findLocalClass(ClasspathManager.java:531) ~[org.eclipse.osgi_3.10.0.v20140606-1445.jar:na]
	at org.eclipse.osgi.internal.loader.ModuleClassLoader.findLocalClass(ModuleClassLoader.java:324) ~[org.eclipse.osgi_3.10.0.v20140606-1445.jar:na]
	at org.eclipse.osgi.internal.loader.BundleLoader.findLocalClass(BundleLoader.java:311) ~[org.eclipse.osgi_3.10.0.v20140606-1445.jar:na]
	at org.eclipse.osgi.internal.loader.BundleLoader.findClassInternal(BundleLoader.java:386) ~[org.eclipse.osgi_3.10.0.v20140606-1445.jar:na]
	at org.eclipse.osgi.internal.loader.BundleLoader.findClass(BundleLoader.java:336) ~[org.eclipse.osgi_3.10.0.v20140606-1445.jar:na]
	at org.eclipse.osgi.internal.loader.BundleLoader.findClass(BundleLoader.java:328) ~[org.eclipse.osgi_3.10.0.v20140606-1445.jar:na]
	at org.eclipse.osgi.internal.loader.ModuleClassLoader.loadClass(ModuleClassLoader.java:160) ~[org.eclipse.osgi_3.10.0.v20140606-1445.jar:na]
	at java.lang.ClassLoader.loadClass(ClassLoader.java:357) ~[na:1.8.0_45]
	at org.eclipse.osgi.internal.framework.EquinoxBundle.loadClass(EquinoxBundle.java:568) ~[org.eclipse.osgi_3.10.0.v20140606-1445.jar:na]
	at org.eclipse.core.internal.registry.osgi.RegistryStrategyOSGI.createExecutableExtension(RegistryStrategyOSGI.java:174) ~[org.eclipse.equinox.registry_3.5.400.v20140428-1507.jar:na]
	at org.eclipse.core.internal.registry.ExtensionRegistry.createExecutableExtension(ExtensionRegistry.java:905) ~[org.eclipse.equinox.registry_3.5.400.v20140428-1507.jar:na]
	at org.eclipse.core.internal.registry.ConfigurationElement.createExecutableExtension(ConfigurationElement.java:243) ~[org.eclipse.equinox.registry_3.5.400.v20140428-1507.jar:na]
	at org.eclipse.core.internal.registry.ConfigurationElementHandle.createExecutableExtension(ConfigurationElementHandle.java:55) ~[org.eclipse.equinox.registry_3.5.400.v20140428-1507.jar:na]
	at org.eclipse.jdt.core.JavaCore.computeClasspathContainerInitializer(JavaCore.java:3294) ~[na:na]
	at org.eclipse.jdt.core.JavaCore.getClasspathContainerInitializer(JavaCore.java:3270) ~[na:na]
	at org.eclipse.jdt.internal.core.JavaModelManager.initializeContainer(JavaModelManager.java:2883) ~[na:na]
	at org.eclipse.jdt.internal.core.JavaModelManager$9.run(JavaModelManager.java:2808) ~[na:na]
	at org.eclipse.core.internal.resources.Workspace.run(Workspace.java:2313) ~[na:na]
	at org.eclipse.jdt.internal.core.JavaModelManager.initializeAllContainers(JavaModelManager.java:2848) ~[na:na]
	at org.eclipse.jdt.internal.core.JavaModelManager.getClasspathContainer(JavaModelManager.java:1932) ~[na:na]
	at org.eclipse.jdt.core.JavaCore.initializeAfterLoad(JavaCore.java:4016) ~[na:na]
	at org.eclipse.jdt.internal.ui.InitializeAfterLoadJob$RealJob.run(InitializeAfterLoadJob.java:36) ~[na:na]
	... 1 common frames omitted
Caused by: org.osgi.framework.BundleException: Exception in org.eclipse.m2e.jdt.MavenJdtPlugin.start() of bundle org.eclipse.m2e.jdt.
	at org.eclipse.osgi.internal.framework.BundleContextImpl.startActivator(BundleContextImpl.java:792) ~[org.eclipse.osgi_3.10.0.v20140606-1445.jar:na]
	at org.eclipse.osgi.internal.framework.BundleContextImpl.start(BundleContextImpl.java:721) ~[org.eclipse.osgi_3.10.0.v20140606-1445.jar:na]
	at org.eclipse.osgi.internal.framework.EquinoxBundle.startWorker0(EquinoxBundle.java:936) ~[org.eclipse.osgi_3.10.0.v20140606-1445.jar:na]
	at org.eclipse.osgi.internal.framework.EquinoxBundle$EquinoxModule.startWorker(EquinoxBundle.java:319) ~[org.eclipse.osgi_3.10.0.v20140606-1445.jar:na]
	at org.eclipse.osgi.container.Module.doStart(Module.java:571) ~[org.eclipse.osgi_3.10.0.v20140606-1445.jar:na]
	at org.eclipse.osgi.container.Module.start(Module.java:439) ~[org.eclipse.osgi_3.10.0.v20140606-1445.jar:na]
	at org.eclipse.osgi.framework.util.SecureAction.start(SecureAction.java:454) ~[org.eclipse.osgi_3.10.0.v20140606-1445.jar:na]
	at org.eclipse.osgi.internal.hooks.EclipseLazyStarter.postFindLocalClass(EclipseLazyStarter.java:107) ~[na:na]
	... 23 common frames omitted
Caused by: java.lang.NullPointerException: null
	at org.eclipse.m2e.jdt.MavenJdtPlugin.start(MavenJdtPlugin.java:102) ~[na:na]
	at org.eclipse.osgi.internal.framework.BundleContextImpl$3.run(BundleContextImpl.java:771) ~[org.eclipse.osgi_3.10.0.v20140606-1445.jar:na]
	at org.eclipse.osgi.internal.framework.BundleContextImpl$3.run(BundleContextImpl.java:1) ~[org.eclipse.osgi_3.10.0.v20140606-1445.jar:na]
	at java.security.AccessController.doPrivileged(Native Method) ~[na:1.8.0_45]
	at org.eclipse.osgi.internal.framework.BundleContextImpl.startActivator(BundleContextImpl.java:764) ~[org.eclipse.osgi_3.10.0.v20140606-1445.jar:na]
	... 30 common frames omitted
2017-06-19 13:38:59,257 [Start Help Server] INFO  org.eclipse.jetty.server.Server - jetty-8.1.14.v20131031
2017-06-19 13:38:59,856 [Start Help Server] INFO  o.e.jetty.server.AbstractConnector - Started SelectChannelConnector@127.0.0.1:65227
2017-06-19 19:05:10,849 [Stop Help Server] INFO  o.e.j.server.handler.ContextHandler - stopped o.e.j.s.ServletContextHandler{/help,null}
2017-06-20 12:04:08,448 [Start Help Server] INFO  org.eclipse.jetty.server.Server - jetty-8.1.14.v20131031
2017-06-20 12:04:08,619 [Start Help Server] INFO  o.e.jetty.server.AbstractConnector - Started SelectChannelConnector@127.0.0.1:16855
2017-06-20 15:24:15,867 [Worker-37] INFO  o.e.m.c.i.e.AbstractTransferListenerAdapter - Downloaded http://repo.maven.apache.org/maven2/org/apache/maven/plugins/maven-clean-plugin/2.5/maven-clean-plugin-2.5.jar
2017-06-20 15:24:37,179 [Worker-37] INFO  o.e.m.c.i.e.AbstractTransferListenerAdapter - Downloaded http://repo.maven.apache.org/maven2/org/apache/maven/plugins/maven-compiler-plugin/2.5.1/maven-compiler-plugin-2.5.1.jar
2017-06-20 15:24:58,418 [Worker-37] INFO  o.e.m.c.i.e.AbstractTransferListenerAdapter - Downloaded http://repo.maven.apache.org/maven2/org/apache/maven/plugins/maven-install-plugin/2.4/maven-install-plugin-2.4.jar
2017-06-20 15:25:19,465 [Worker-37] INFO  o.e.m.c.i.e.AbstractTransferListenerAdapter - Downloaded http://repo.maven.apache.org/maven2/org/apache/maven/plugins/maven-deploy-plugin/2.7/maven-deploy-plugin-2.7.jar
2017-06-20 15:25:40,631 [Worker-37] INFO  o.e.m.c.i.e.AbstractTransferListenerAdapter - Downloaded http://repo.maven.apache.org/maven2/org/apache/maven/plugins/maven-site-plugin/3.3/maven-site-plugin-3.3.jar
2017-06-20 15:26:01,907 [Worker-37] INFO  o.e.m.c.i.e.AbstractTransferListenerAdapter - Downloaded http://repo.maven.apache.org/maven2/org/apache/maven/plugins/maven-compiler-plugin/2.5.1/maven-compiler-plugin-2.5.1.pom
2017-06-20 15:26:01,997 [Worker-37] INFO  o.e.m.c.i.l.LifecycleMappingFactory - Using org.eclipse.m2e.jdt.JarLifecycleMapping lifecycle mapping for MavenProject: com.kg.calc:calc:0.0.1-SNAPSHOT @ D:\karthi\Java\calc\pom.xml.
2017-06-20 15:26:04,106 [Worker-33] INFO  o.e.m.c.i.l.LifecycleMappingFactory - Using org.eclipse.m2e.jdt.JarLifecycleMapping lifecycle mapping for MavenProject: com.kg.calc:calc:0.0.1-SNAPSHOT @ D:\karthi\Java\calc\pom.xml.
2017-06-20 15:26:09,345 [Worker-33] WARN  o.e.m.c.i.embedder.EclipseLogger - Using platform encoding (Cp1252 actually) to copy filtered resources, i.e. build is platform dependent!
2017-06-20 15:26:09,629 [Worker-33] INFO  o.e.m.c.i.embedder.EclipseLogger - Copying 0 resource
2017-06-20 15:26:09,631 [Worker-33] WARN  o.e.m.c.i.embedder.EclipseLogger - Using platform encoding (Cp1252 actually) to copy filtered resources, i.e. build is platform dependent!
2017-06-20 15:26:09,632 [Worker-33] INFO  o.e.m.c.i.embedder.EclipseLogger - Copying 0 resource
2017-06-20 15:34:21,380 [Worker-43] INFO  o.e.m.c.i.e.AbstractTransferListenerAdapter - Downloaded http://repo.maven.apache.org/maven2/org/apache/maven/archetypes/maven-archetype-quickstart/maven-metadata.xml
2017-06-20 15:34:21,382 [Worker-43] WARN  o.e.m.c.i.embedder.EclipseLogger - Could not transfer metadata org.apache.maven.archetypes:maven-archetype-quickstart/maven-metadata.xml from/to central (http://repo.maven.apache.org/maven2): connect timed out
2017-06-20 19:49:54,704 [Stop Help Server] INFO  o.e.j.server.handler.ContextHandler - stopped o.e.j.s.ServletContextHandler{/help,null}
2017-06-21 11:47:34,837 [Start Help Server] INFO  org.eclipse.jetty.server.Server - jetty-8.1.14.v20131031
2017-06-21 11:47:35,024 [Start Help Server] INFO  o.e.jetty.server.AbstractConnector - Started SelectChannelConnector@127.0.0.1:4592
2017-06-21 12:39:23,463 [Worker-19] INFO  o.e.m.c.i.l.LifecycleMappingFactory - Using org.eclipse.m2e.jdt.JarLifecycleMapping lifecycle mapping for MavenProject: com.mycompany.app:my-app:1.0-SNAPSHOT @ D:\my-app\pom.xml.
2017-06-21 12:39:23,885 [Worker-19] INFO  o.e.m.c.i.p.ProjectConfigurationManager - Imported and configured 1 project(s) in 3 sec
2017-06-21 12:39:32,605 [Worker-19] INFO  o.e.m.i.discovery.MavenDiscovery - No lifecyle mapping found at jar:file:/C:/Windows/TEMP/RemoteBundleDiscoveryStrategy8817642370001841832.tmp/org.eclipse.m2e.discovery.oss_catalog_1.5.jar_4666908435076014236.jar!/lifecycle%2Forg.eclipse.m2e.discovery.lifecyclemapping.m2e-egit.xml
2017-06-21 12:39:32,605 [Worker-19] WARN  o.e.m.i.discovery.MavenDiscovery - CatalogItem org.eclipse.m2e.discovery.lifecyclemapping.m2e-egit does not contain lifecycle mapping metadata
2017-06-21 12:39:32,605 [Worker-19] INFO  o.e.m.i.discovery.MavenDiscovery - No lifecyle mapping found at jar:file:/C:/Windows/TEMP/RemoteBundleDiscoveryStrategy8817642370001841832.tmp/org.eclipse.m2e.discovery.oss_catalog_1.5.jar_4666908435076014236.jar!/lifecycle%2Forg.eclipse.m2e.discovery.lifecyclemapping.m2e-subversive.xml
2017-06-21 12:39:32,621 [Worker-19] WARN  o.e.m.i.discovery.MavenDiscovery - CatalogItem org.eclipse.m2e.discovery.lifecyclemapping.m2e-subversive does not contain lifecycle mapping metadata
2017-06-21 12:39:32,621 [Worker-19] INFO  o.e.m.i.discovery.MavenDiscovery - No lifecyle mapping found at jar:file:/C:/Windows/TEMP/RemoteBundleDiscoveryStrategy8817642370001841832.tmp/org.eclipse.m2e.discovery.oss_catalog_1.5.jar_4666908435076014236.jar!/lifecycle%2Forg.eclipse.m2e.discovery.lifecyclemapping.m2e-subclipse.xml
2017-06-21 12:39:32,621 [Worker-19] WARN  o.e.m.i.discovery.MavenDiscovery - CatalogItem org.eclipse.m2e.discovery.lifecyclemapping.m2e-subclipse does not contain lifecycle mapping metadata
2017-06-21 12:39:33,915 [Worker-25] INFO  o.e.m.c.i.l.LifecycleMappingFactory - Using org.eclipse.m2e.jdt.JarLifecycleMapping lifecycle mapping for MavenProject: com.mycompany.app:my-app:1.0-SNAPSHOT @ D:\my-app\pom.xml.
2017-06-21 12:39:34,820 [Worker-22] WARN  o.e.m.c.i.embedder.EclipseLogger - Using platform encoding (Cp1252 actually) to copy filtered resources, i.e. build is platform dependent!
2017-06-21 12:39:34,836 [Worker-22] INFO  o.e.m.c.i.embedder.EclipseLogger - skip non existing resourceDirectory D:\my-app\src\main\resources
2017-06-21 12:39:34,836 [Worker-22] WARN  o.e.m.c.i.embedder.EclipseLogger - Using platform encoding (Cp1252 actually) to copy filtered resources, i.e. build is platform dependent!
2017-06-21 12:39:34,836 [Worker-22] INFO  o.e.m.c.i.embedder.EclipseLogger - skip non existing resourceDirectory D:\my-app\src\test\resources
2017-06-21 12:42:37,979 [Worker-19] INFO  o.e.m.i.launch.MavenLaunchDelegate - D:\my-app
2017-06-21 12:42:37,979 [Worker-19] INFO  o.e.m.i.launch.MavenLaunchDelegate -  mvn  -B test
2017-06-21 13:07:00,024 [Worker-27] INFO  o.e.m.c.i.l.LifecycleMappingFactory - Using org.eclipse.m2e.jdt.JarLifecycleMapping lifecycle mapping for MavenProject: com.mycompany.app:my-app:1.0-SNAPSHOT @ D:\my-app\pom.xml.
2017-06-21 13:07:10,164 [Worker-27] INFO  o.e.m.c.i.e.AbstractTransferListenerAdapter - Downloaded http://repo.maven.apache.org/maven2/org/apache/maven/plugins/maven-dependency-plugin/2.5.1/maven-dependency-plugin-2.5.1.pom
2017-06-21 13:07:10,242 [Worker-27] WARN  o.e.m.c.i.embedder.EclipseLogger - Using platform encoding (Cp1252 actually) to copy filtered resources, i.e. build is platform dependent!
2017-06-21 13:07:10,257 [Worker-27] INFO  o.e.m.c.i.embedder.EclipseLogger - skip non existing resourceDirectory D:\my-app\src\main\resources
2017-06-21 13:07:10,257 [Worker-27] WARN  o.e.m.c.i.embedder.EclipseLogger - Using platform encoding (Cp1252 actually) to copy filtered resources, i.e. build is platform dependent!
2017-06-21 13:07:10,273 [Worker-27] INFO  o.e.m.c.i.embedder.EclipseLogger - skip non existing resourceDirectory D:\my-app\src\test\resources
2017-06-21 13:07:53,766 [Worker-28] INFO  o.e.m.i.launch.MavenLaunchDelegate - D:\my-app
2017-06-21 13:07:53,766 [Worker-28] INFO  o.e.m.i.launch.MavenLaunchDelegate -  mvn  -B test
2017-06-21 13:08:16,548 [Worker-27] WARN  o.e.m.c.i.embedder.EclipseLogger - Using platform encoding (Cp1252 actually) to copy filtered resources, i.e. build is platform dependent!
2017-06-21 13:08:16,548 [Worker-27] INFO  o.e.m.c.i.embedder.EclipseLogger - skip non existing resourceDirectory D:\my-app\src\main\resources
2017-06-21 13:08:16,548 [Worker-27] WARN  o.e.m.c.i.embedder.EclipseLogger - Using platform encoding (Cp1252 actually) to copy filtered resources, i.e. build is platform dependent!
2017-06-21 13:08:16,563 [Worker-27] INFO  o.e.m.c.i.embedder.EclipseLogger - skip non existing resourceDirectory D:\my-app\src\test\resources
2017-06-21 13:12:59,163 [Worker-13] INFO  o.e.m.i.launch.MavenLaunchDelegate - D:\my-app
2017-06-21 13:12:59,163 [Worker-13] INFO  o.e.m.i.launch.MavenLaunchDelegate -  mvn  -B test
2017-06-21 13:13:21,901 [Worker-22] WARN  o.e.m.c.i.embedder.EclipseLogger - Using platform encoding (Cp1252 actually) to copy filtered resources, i.e. build is platform dependent!
2017-06-21 13:13:21,917 [Worker-22] INFO  o.e.m.c.i.embedder.EclipseLogger - skip non existing resourceDirectory D:\my-app\src\main\resources
2017-06-21 13:13:21,917 [Worker-22] WARN  o.e.m.c.i.embedder.EclipseLogger - Using platform encoding (Cp1252 actually) to copy filtered resources, i.e. build is platform dependent!
2017-06-21 13:13:21,917 [Worker-22] INFO  o.e.m.c.i.embedder.EclipseLogger - skip non existing resourceDirectory D:\my-app\src\test\resources
2017-06-21 13:48:09,570 [Worker-26] WARN  o.e.m.c.i.embedder.EclipseLogger - Using platform encoding (Cp1252 actually) to copy filtered resources, i.e. build is platform dependent!
2017-06-21 13:48:09,570 [Worker-26] INFO  o.e.m.c.i.embedder.EclipseLogger - skip non existing resourceDirectory D:\my-app\src\main\resources
2017-06-21 13:48:09,570 [Worker-26] WARN  o.e.m.c.i.embedder.EclipseLogger - Using platform encoding (Cp1252 actually) to copy filtered resources, i.e. build is platform dependent!
2017-06-21 13:48:09,570 [Worker-26] INFO  o.e.m.c.i.embedder.EclipseLogger - skip non existing resourceDirectory D:\my-app\src\test\resources
2017-06-21 13:48:31,735 [Worker-26] INFO  o.e.m.c.i.e.AbstractTransferListenerAdapter - Downloaded http://repo.maven.apache.org/maven2/org/apache/maven/plugins/maven-compiler-plugin/2.5.1/maven-compiler-plugin-2.5.1.pom
2017-06-21 13:48:31,782 [Worker-27] INFO  o.e.m.i.launch.MavenLaunchDelegate - D:\my-app
2017-06-21 13:48:31,782 [Worker-27] INFO  o.e.m.i.launch.MavenLaunchDelegate -  mvn  -B test
2017-06-21 13:51:24,601 [main] INFO  o.e.m2e.actions.ExecutePomAction - Creating new launch configuration
2017-06-21 13:51:35,770 [Worker-26] INFO  o.e.m.i.launch.MavenLaunchDelegate - D:\my-app
2017-06-21 13:51:35,770 [Worker-26] INFO  o.e.m.i.launch.MavenLaunchDelegate -  mvn  -B test
2017-06-21 13:58:15,873 [main] INFO  o.e.m.c.i.e.AbstractTransferListenerAdapter - Downloaded http://repo.maven.apache.org/maven2/org/apache/maven/plugins/maven-compiler-plugin/2.5.1/maven-compiler-plugin-2.5.1.jar
2017-06-21 13:58:15,920 [main] INFO  o.e.m.c.i.l.LifecycleMappingFactory - Using org.eclipse.m2e.jdt.JarLifecycleMapping lifecycle mapping for MavenProject: com.mycompany.app:my-app:1.0-SNAPSHOT @ D:\my-app\pom.xml.
2017-06-21 15:30:36,064 [main] ERROR o.e.m2e.editor.pom.OverviewPage - Failed to populate overview panel
java.lang.NullPointerException: null
	at org.eclipse.m2e.core.ui.internal.editing.PomEdits.performOnDOMDocument(PomEdits.java:460) ~[org.eclipse.m2e.core.ui_1.5.2.20150413-2215.jar:na]
	at org.eclipse.m2e.editor.pom.OverviewPage$17.run(OverviewPage.java:1128) ~[na:na]
	at org.eclipse.swt.widgets.RunnableLock.run(RunnableLock.java:35) [org.eclipse.swt.win32.win32.x86_64_3.103.0.v20140605-2012.jar:na]
	at org.eclipse.swt.widgets.Synchronizer.runAsyncMessages(Synchronizer.java:136) [org.eclipse.swt.win32.win32.x86_64_3.103.0.v20140605-2012.jar:na]
	at org.eclipse.swt.widgets.Display.runAsyncMessages(Display.java:4147) [org.eclipse.swt.win32.win32.x86_64_3.103.0.v20140605-2012.jar:na]
	at org.eclipse.swt.widgets.Display.readAndDispatch(Display.java:3764) [org.eclipse.swt.win32.win32.x86_64_3.103.0.v20140605-2012.jar:na]
	at org.eclipse.e4.ui.internal.workbench.swt.PartRenderingEngine$9.run(PartRenderingEngine.java:1151) [org.eclipse.e4.ui.workbench.swt_0.12.100.v20140530-1436.jar:na]
	at org.eclipse.core.databinding.observable.Realm.runWithDefault(Realm.java:332) [org.eclipse.core.databinding.observable_1.4.1.v20140210-1835.jar:na]
	at org.eclipse.e4.ui.internal.workbench.swt.PartRenderingEngine.run(PartRenderingEngine.java:1032) [org.eclipse.e4.ui.workbench.swt_0.12.100.v20140530-1436.jar:na]
	at org.eclipse.e4.ui.internal.workbench.E4Workbench.createAndRunUI(E4Workbench.java:148) [org.eclipse.e4.ui.workbench_1.1.0.v20140528-1949.jar:na]
	at org.eclipse.ui.internal.Workbench$5.run(Workbench.java:636) [org.eclipse.ui.workbench_3.106.0.v20140530-0732.jar:na]
	at org.eclipse.core.databinding.observable.Realm.runWithDefault(Realm.java:332) [org.eclipse.core.databinding.observable_1.4.1.v20140210-1835.jar:na]
	at org.eclipse.ui.internal.Workbench.createAndRunWorkbench(Workbench.java:579) [org.eclipse.ui.workbench_3.106.0.v20140530-0732.jar:na]
	at org.eclipse.ui.PlatformUI.createAndRunWorkbench(PlatformUI.java:150) [org.eclipse.ui.workbench_3.106.0.v20140530-0732.jar:na]
	at org.eclipse.ui.internal.ide.application.IDEApplication.start(IDEApplication.java:135) [org.eclipse.ui.ide.application_1.0.500.v20140514-2033.jar:na]
	at org.eclipse.equinox.internal.app.EclipseAppHandle.run(EclipseAppHandle.java:196) [org.eclipse.equinox.app_1.3.200.v20130910-1609.jar:na]
	at org.eclipse.core.runtime.internal.adaptor.EclipseAppLauncher.runApplication(EclipseAppLauncher.java:134) [org.eclipse.osgi_3.10.0.v20140606-1445.jar:na]
	at org.eclipse.core.runtime.internal.adaptor.EclipseAppLauncher.start(EclipseAppLauncher.java:104) [org.eclipse.osgi_3.10.0.v20140606-1445.jar:na]
	at org.eclipse.core.runtime.adaptor.EclipseStarter.run(EclipseStarter.java:382) [org.eclipse.osgi_3.10.0.v20140606-1445.jar:na]
	at org.eclipse.core.runtime.adaptor.EclipseStarter.run(EclipseStarter.java:236) [org.eclipse.osgi_3.10.0.v20140606-1445.jar:na]
	at sun.reflect.NativeMethodAccessorImpl.invoke0(Native Method) ~[na:1.8.0_45]
	at sun.reflect.NativeMethodAccessorImpl.invoke(NativeMethodAccessorImpl.java:62) ~[na:1.8.0_45]
	at sun.reflect.DelegatingMethodAccessorImpl.invoke(DelegatingMethodAccessorImpl.java:43) ~[na:1.8.0_45]
	at java.lang.reflect.Method.invoke(Method.java:497) ~[na:1.8.0_45]
	at org.eclipse.equinox.launcher.Main.invokeFramework(Main.java:648) [org.eclipse.equinox.launcher_1.3.0.v20140415-2008.jar:na]
	at org.eclipse.equinox.launcher.Main.basicRun(Main.java:603) [org.eclipse.equinox.launcher_1.3.0.v20140415-2008.jar:na]
	at org.eclipse.equinox.launcher.Main.run(Main.java:1465) [org.eclipse.equinox.launcher_1.3.0.v20140415-2008.jar:na]
2017-06-21 15:30:36,189 [Worker-28] INFO  o.e.m.c.i.l.LifecycleMappingFactory - Using org.eclipse.m2e.jdt.JarLifecycleMapping lifecycle mapping for MavenProject: com.mycompany.app:my-app:1.0-SNAPSHOT @ D:\my-app\pom.xml.
2017-06-21 15:30:38,951 [Worker-28] WARN  o.e.m.c.i.embedder.EclipseLogger - The POM for com.mycompany.app:my-app:jar:1.0-SNAPSHOT is missing, no dependency information available
2017-06-21 15:30:39,294 [Worker-28] WARN  o.e.m.c.i.embedder.EclipseLogger - Using platform encoding (Cp1252 actually) to copy filtered resources, i.e. build is platform dependent!
2017-06-21 15:30:39,294 [Worker-28] INFO  o.e.m.c.i.embedder.EclipseLogger - skip non existing resourceDirectory D:\my-app\src\main\resources
2017-06-21 15:30:39,294 [Worker-28] WARN  o.e.m.c.i.embedder.EclipseLogger - Using platform encoding (Cp1252 actually) to copy filtered resources, i.e. build is platform dependent!
2017-06-21 15:30:39,294 [Worker-28] INFO  o.e.m.c.i.embedder.EclipseLogger - skip non existing resourceDirectory D:\my-app\src\test\resources
2017-06-21 15:32:28,684 [Stop Help Server] INFO  o.e.j.server.handler.ContextHandler - stopped o.e.j.s.ServletContextHandler{/help,null}
2017-06-21 15:54:02,630 [Start Help Server] INFO  org.eclipse.jetty.server.Server - jetty-8.1.14.v20131031
2017-06-21 15:54:02,848 [Start Help Server] INFO  o.e.jetty.server.AbstractConnector - Started SelectChannelConnector@127.0.0.1:2171
2017-06-21 15:56:31,127 [Worker-1] INFO  o.e.m.c.i.l.LifecycleMappingFactory - Using org.eclipse.m2e.jdt.JarLifecycleMapping lifecycle mapping for MavenProject: com.mycompany.app:my-app:0.0.1-SNAPSHOT @ D:\java\pom.xml.
2017-06-21 15:56:32,687 [Worker-8] INFO  o.e.m.c.i.l.LifecycleMappingFactory - Using org.eclipse.m2e.jdt.JarLifecycleMapping lifecycle mapping for MavenProject: com.mycompany.app:my-app:0.0.1-SNAPSHOT @ D:\java\pom.xml.
2017-06-21 15:56:40,237 [Worker-12] WARN  o.e.m.c.i.embedder.EclipseLogger - Using platform encoding (Cp1252 actually) to copy filtered resources, i.e. build is platform dependent!
2017-06-21 15:56:40,269 [Worker-12] INFO  o.e.m.c.i.embedder.EclipseLogger - Copying 0 resource
2017-06-21 15:56:40,284 [Worker-12] WARN  o.e.m.c.i.embedder.EclipseLogger - Using platform encoding (Cp1252 actually) to copy filtered resources, i.e. build is platform dependent!
2017-06-21 15:56:40,284 [Worker-12] INFO  o.e.m.c.i.embedder.EclipseLogger - Copying 0 resource
2017-06-21 15:58:03,526 [Worker-15] INFO  o.e.m.c.i.l.LifecycleMappingFactory - Using org.eclipse.m2e.jdt.JarLifecycleMapping lifecycle mapping for MavenProject: com.mycompany.app:my-app:0.0.1-SNAPSHOT @ D:\java\pom.xml.
2017-06-21 15:58:13,775 [Worker-15] INFO  o.e.m.c.i.e.AbstractTransferListenerAdapter - Downloaded http://repo.maven.apache.org/maven2/junit/junit/4.8.2/junit-4.8.2.pom
2017-06-21 15:58:13,806 [Worker-15] WARN  o.e.m.c.i.embedder.EclipseLogger - Using platform encoding (Cp1252 actually) to copy filtered resources, i.e. build is platform dependent!
2017-06-21 15:58:13,806 [Worker-15] INFO  o.e.m.c.i.embedder.EclipseLogger - Copying 0 resource
2017-06-21 15:58:13,822 [Worker-15] WARN  o.e.m.c.i.embedder.EclipseLogger - Using platform encoding (Cp1252 actually) to copy filtered resources, i.e. build is platform dependent!
2017-06-21 15:58:13,822 [Worker-15] INFO  o.e.m.c.i.embedder.EclipseLogger - Copying 0 resource
2017-06-21 15:58:25,943 [Worker-17] INFO  o.e.m.c.i.l.LifecycleMappingFactory - Using org.eclipse.m2e.jdt.JarLifecycleMapping lifecycle mapping for MavenProject: com.mycompany.app:my-app:0.0.1-SNAPSHOT @ D:\java\pom.xml.
2017-06-21 15:58:25,990 [Worker-17] WARN  o.e.m.c.i.embedder.EclipseLogger - Using platform encoding (Cp1252 actually) to copy filtered resources, i.e. build is platform dependent!
2017-06-21 15:58:25,990 [Worker-17] INFO  o.e.m.c.i.embedder.EclipseLogger - Copying 0 resource
2017-06-21 15:58:25,990 [Worker-17] WARN  o.e.m.c.i.embedder.EclipseLogger - Using platform encoding (Cp1252 actually) to copy filtered resources, i.e. build is platform dependent!
2017-06-21 15:58:25,990 [Worker-17] INFO  o.e.m.c.i.embedder.EclipseLogger - Copying 0 resource
2017-06-21 15:59:27,766 [Worker-8] INFO  o.e.m.c.i.l.LifecycleMappingFactory - Using org.eclipse.m2e.jdt.JarLifecycleMapping lifecycle mapping for MavenProject: com.mycompany.app:my-app:0.0.1-SNAPSHOT @ D:\java\pom.xml.
2017-06-21 15:59:27,781 [Worker-8] WARN  o.e.m.c.i.embedder.EclipseLogger - Using platform encoding (Cp1252 actually) to copy filtered resources, i.e. build is platform dependent!
2017-06-21 15:59:27,781 [Worker-8] INFO  o.e.m.c.i.embedder.EclipseLogger - Copying 0 resource
2017-06-21 15:59:27,797 [Worker-8] WARN  o.e.m.c.i.embedder.EclipseLogger - Using platform encoding (Cp1252 actually) to copy filtered resources, i.e. build is platform dependent!
2017-06-21 15:59:27,797 [Worker-8] INFO  o.e.m.c.i.embedder.EclipseLogger - Copying 0 resource
2017-06-21 16:20:32,910 [Worker-2] INFO  o.e.m.c.i.l.LifecycleMappingFactory - Using org.eclipse.m2e.jdt.JarLifecycleMapping lifecycle mapping for MavenProject: com.mycompany.app:my-app:0.0.1-SNAPSHOT @ D:\java\pom.xml.
2017-06-21 16:20:32,957 [Worker-2] WARN  o.e.m.c.i.embedder.EclipseLogger - Using platform encoding (Cp1252 actually) to copy filtered resources, i.e. build is platform dependent!
2017-06-21 16:20:32,973 [Worker-2] INFO  o.e.m.c.i.embedder.EclipseLogger - Copying 0 resource
2017-06-21 16:20:32,973 [Worker-2] WARN  o.e.m.c.i.embedder.EclipseLogger - Using platform encoding (Cp1252 actually) to copy filtered resources, i.e. build is platform dependent!
2017-06-21 16:20:32,973 [Worker-2] INFO  o.e.m.c.i.embedder.EclipseLogger - Copying 0 resource
2017-06-21 16:24:27,028 [Worker-18] INFO  o.e.m.c.i.l.LifecycleMappingFactory - Using org.eclipse.m2e.jdt.JarLifecycleMapping lifecycle mapping for MavenProject: com.mycompany.app:app:0.0.1-SNAPSHOT @ D:\karthi\New folder\pom.xml.
2017-06-21 16:24:28,198 [Worker-2] INFO  o.e.m.c.i.l.LifecycleMappingFactory - Using org.eclipse.m2e.jdt.JarLifecycleMapping lifecycle mapping for MavenProject: com.mycompany.app:app:0.0.1-SNAPSHOT @ D:\karthi\New folder\pom.xml.
2017-06-21 16:24:28,417 [Worker-21] WARN  o.e.m.c.i.embedder.EclipseLogger - Using platform encoding (Cp1252 actually) to copy filtered resources, i.e. build is platform dependent!
2017-06-21 16:24:28,432 [Worker-21] INFO  o.e.m.c.i.embedder.EclipseLogger - Copying 0 resource
2017-06-21 16:24:28,432 [Worker-21] WARN  o.e.m.c.i.embedder.EclipseLogger - Using platform encoding (Cp1252 actually) to copy filtered resources, i.e. build is platform dependent!
2017-06-21 16:24:28,432 [Worker-21] INFO  o.e.m.c.i.embedder.EclipseLogger - Copying 0 resource
2017-06-21 16:43:48,349 [Worker-18] INFO  o.e.m.c.i.l.LifecycleMappingFactory - Using org.eclipse.m2e.jdt.JarLifecycleMapping lifecycle mapping for MavenProject: com.mycompany.app:app:0.0.1-SNAPSHOT @ D:\karthi\New folder\pom.xml.
2017-06-21 16:43:48,396 [Worker-18] WARN  o.e.m.c.i.embedder.EclipseLogger - Using platform encoding (Cp1252 actually) to copy filtered resources, i.e. build is platform dependent!
2017-06-21 16:43:48,396 [Worker-18] INFO  o.e.m.c.i.embedder.EclipseLogger - Copying 0 resource
2017-06-21 16:43:48,411 [Worker-18] WARN  o.e.m.c.i.embedder.EclipseLogger - Using platform encoding (Cp1252 actually) to copy filtered resources, i.e. build is platform dependent!
2017-06-21 16:43:48,427 [Worker-18] INFO  o.e.m.c.i.embedder.EclipseLogger - Copying 0 resource
2017-06-21 16:46:25,909 [Stop Help Server] INFO  o.e.j.server.handler.ContextHandler - stopped o.e.j.s.ServletContextHandler{/help,null}
2017-06-21 16:46:52,955 [Worker-7] INFO  o.e.m.c.i.l.LifecycleMappingFactory - Using org.eclipse.m2e.jdt.JarLifecycleMapping lifecycle mapping for MavenProject: com.mycompany.app:my-app:1.0-SNAPSHOT @ D:\karthi\New folder\pom.xml.
2017-06-21 16:46:55,575 [Worker-7] WARN  o.e.m.c.i.embedder.EclipseLogger - Using platform encoding (Cp1252 actually) to copy filtered resources, i.e. build is platform dependent!
2017-06-21 16:46:55,583 [Worker-7] INFO  o.e.m.c.i.embedder.EclipseLogger - Copying 0 resource
2017-06-21 16:46:55,589 [Worker-7] WARN  o.e.m.c.i.embedder.EclipseLogger - Using platform encoding (Cp1252 actually) to copy filtered resources, i.e. build is platform dependent!
2017-06-21 16:46:55,590 [Worker-7] INFO  o.e.m.c.i.embedder.EclipseLogger - Copying 0 resource
2017-06-21 16:47:00,173 [Start Help Server] INFO  org.eclipse.jetty.server.Server - jetty-8.1.14.v20131031
2017-06-21 16:47:00,449 [Worker-7] WARN  o.e.m.c.i.embedder.EclipseLogger - Using platform encoding (Cp1252 actually) to copy filtered resources, i.e. build is platform dependent!
2017-06-21 16:47:00,628 [Worker-7] INFO  o.e.m.c.i.embedder.EclipseLogger - Copying 0 resource
2017-06-21 16:47:00,630 [Worker-7] WARN  o.e.m.c.i.embedder.EclipseLogger - Using platform encoding (Cp1252 actually) to copy filtered resources, i.e. build is platform dependent!
2017-06-21 16:47:00,634 [Worker-7] INFO  o.e.m.c.i.embedder.EclipseLogger - Copying 0 resource
2017-06-21 16:47:00,674 [Start Help Server] INFO  o.e.jetty.server.AbstractConnector - Started SelectChannelConnector@127.0.0.1:4371
2017-06-21 17:01:10,719 [Worker-6] ERROR o.e.m.c.i.p.r.ProjectRegistryManager - Could not read pom.xml
org.eclipse.core.runtime.CoreException: Could not read pom.xml
	at org.eclipse.m2e.core.internal.embedder.MavenImpl.readModel(MavenImpl.java:558) ~[org.eclipse.m2e.core_1.5.2.20150413-2215.jar:na]
	at org.eclipse.m2e.core.internal.embedder.MavenImpl.readModel(MavenImpl.java:567) ~[org.eclipse.m2e.core_1.5.2.20150413-2215.jar:na]
	at org.eclipse.m2e.core.internal.project.registry.ProjectRegistryManager.refreshPhase2(ProjectRegistryManager.java:511) [org.eclipse.m2e.core_1.5.2.20150413-2215.jar:na]
	at org.eclipse.m2e.core.internal.project.registry.ProjectRegistryManager.refresh(ProjectRegistryManager.java:466) [org.eclipse.m2e.core_1.5.2.20150413-2215.jar:na]
	at org.eclipse.m2e.core.internal.project.registry.ProjectRegistryManager.refresh(ProjectRegistryManager.java:336) [org.eclipse.m2e.core_1.5.2.20150413-2215.jar:na]
	at org.eclipse.m2e.core.internal.project.registry.ProjectRegistryManager.refresh(ProjectRegistryManager.java:289) [org.eclipse.m2e.core_1.5.2.20150413-2215.jar:na]
	at org.eclipse.m2e.core.internal.builder.MavenBuilder$BuildMethod.getProjectFacade(MavenBuilder.java:154) [org.eclipse.m2e.core_1.5.2.20150413-2215.jar:na]
	at org.eclipse.m2e.core.internal.builder.MavenBuilder$BuildMethod$1.call(MavenBuilder.java:89) [org.eclipse.m2e.core_1.5.2.20150413-2215.jar:na]
	at org.eclipse.m2e.core.internal.embedder.MavenExecutionContext.executeBare(MavenExecutionContext.java:166) [org.eclipse.m2e.core_1.5.2.20150413-2215.jar:na]
	at org.eclipse.m2e.core.internal.embedder.MavenExecutionContext.execute(MavenExecutionContext.java:142) [org.eclipse.m2e.core_1.5.2.20150413-2215.jar:na]
	at org.eclipse.m2e.core.internal.embedder.MavenExecutionContext.execute(MavenExecutionContext.java:96) [org.eclipse.m2e.core_1.5.2.20150413-2215.jar:na]
	at org.eclipse.m2e.core.internal.builder.MavenBuilder$BuildMethod.execute(MavenBuilder.java:86) [org.eclipse.m2e.core_1.5.2.20150413-2215.jar:na]
	at org.eclipse.m2e.core.internal.builder.MavenBuilder.build(MavenBuilder.java:200) [org.eclipse.m2e.core_1.5.2.20150413-2215.jar:na]
	at org.eclipse.core.internal.events.BuildManager$2.run(BuildManager.java:734) [org.eclipse.core.resources_3.9.0.v20140514-1307.jar:na]
	at org.eclipse.core.runtime.SafeRunner.run(SafeRunner.java:42) [org.eclipse.equinox.common_3.6.200.v20130402-1505.jar:na]
	at org.eclipse.core.internal.events.BuildManager.basicBuild(BuildManager.java:206) [org.eclipse.core.resources_3.9.0.v20140514-1307.jar:na]
	at org.eclipse.core.internal.events.BuildManager.basicBuild(BuildManager.java:246) [org.eclipse.core.resources_3.9.0.v20140514-1307.jar:na]
	at org.eclipse.core.internal.events.BuildManager$1.run(BuildManager.java:299) [org.eclipse.core.resources_3.9.0.v20140514-1307.jar:na]
	at org.eclipse.core.runtime.SafeRunner.run(SafeRunner.java:42) [org.eclipse.equinox.common_3.6.200.v20130402-1505.jar:na]
	at org.eclipse.core.internal.events.BuildManager.basicBuild(BuildManager.java:302) [org.eclipse.core.resources_3.9.0.v20140514-1307.jar:na]
	at org.eclipse.core.internal.events.BuildManager.basicBuildLoop(BuildManager.java:358) [org.eclipse.core.resources_3.9.0.v20140514-1307.jar:na]
	at org.eclipse.core.internal.events.BuildManager.build(BuildManager.java:381) [org.eclipse.core.resources_3.9.0.v20140514-1307.jar:na]
	at org.eclipse.core.internal.events.AutoBuildJob.doBuild(AutoBuildJob.java:143) [org.eclipse.core.resources_3.9.0.v20140514-1307.jar:na]
	at org.eclipse.core.internal.events.AutoBuildJob.run(AutoBuildJob.java:241) [org.eclipse.core.resources_3.9.0.v20140514-1307.jar:na]
	at org.eclipse.core.internal.jobs.Worker.run(Worker.java:54) [org.eclipse.core.jobs_3.6.0.v20140424-0053.jar:na]
Caused by: org.apache.maven.model.io.ModelParseException: Expected root element 'project' but found 'settings' (position: START_TAG seen ...rg/SETTINGS/1.0.0 http://maven.apache.org/xsd/settings-1.0.0.xsd">... @48:118) 
	at org.apache.maven.model.io.DefaultModelReader.read(DefaultModelReader.java:127) ~[maven-model-builder-3.2.1.jar:3.2.1]
	at org.apache.maven.model.io.DefaultModelReader.read(DefaultModelReader.java:91) ~[maven-model-builder-3.2.1.jar:3.2.1]
	at org.eclipse.m2e.core.internal.embedder.MavenImpl.readModel(MavenImpl.java:556) ~[org.eclipse.m2e.core_1.5.2.20150413-2215.jar:na]
	... 24 common frames omitted
Caused by: org.codehaus.plexus.util.xml.pull.XmlPullParserException: Expected root element 'project' but found 'settings' (position: START_TAG seen ...rg/SETTINGS/1.0.0 http://maven.apache.org/xsd/settings-1.0.0.xsd">... @48:118) 
	at org.apache.maven.model.io.xpp3.MavenXpp3Reader.read(MavenXpp3Reader.java:3805) ~[maven-model-3.2.1.jar:3.2.1]
	at org.apache.maven.model.io.xpp3.MavenXpp3Reader.read(MavenXpp3Reader.java:557) ~[maven-model-3.2.1.jar:3.2.1]
	at org.apache.maven.model.io.DefaultModelReader.read(DefaultModelReader.java:122) ~[maven-model-builder-3.2.1.jar:3.2.1]
	... 26 common frames omitted
2017-06-21 17:04:43,215 [Stop Help Server] INFO  o.e.j.server.handler.ContextHandler - stopped o.e.j.s.ServletContextHandler{/help,null}
2017-06-21 17:10:00,242 [Start Help Server] INFO  org.eclipse.jetty.server.Server - jetty-8.1.14.v20131031
2017-06-21 17:10:00,741 [Start Help Server] INFO  o.e.jetty.server.AbstractConnector - Started SelectChannelConnector@127.0.0.1:4481
2017-06-21 19:22:38,703 [Stop Help Server] INFO  o.e.j.server.handler.ContextHandler - stopped o.e.j.s.ServletContextHandler{/help,null}
2017-06-22 09:01:41,240 [Start Help Server] INFO  org.eclipse.jetty.server.Server - jetty-8.1.14.v20131031
2017-06-22 09:01:41,466 [Start Help Server] INFO  o.e.jetty.server.AbstractConnector - Started SelectChannelConnector@127.0.0.1:39791
2017-06-22 09:11:14,753 [Worker-12] INFO  o.e.m.c.i.l.LifecycleMappingFactory - Using org.eclipse.m2e.jdt.JarLifecycleMapping lifecycle mapping for MavenProject: com.mycompany.app:myapp:0.0.1-SNAPSHOT @ C:\Users\trainee.KGFSL\Documents\New folder\pom.xml.
2017-06-22 09:11:16,050 [Worker-13] INFO  o.e.m.c.i.l.LifecycleMappingFactory - Using org.eclipse.m2e.jdt.JarLifecycleMapping lifecycle mapping for MavenProject: com.mycompany.app:myapp:0.0.1-SNAPSHOT @ C:\Users\trainee.KGFSL\Documents\New folder\pom.xml.
2017-06-22 09:11:21,013 [Worker-17] WARN  o.e.m.c.i.embedder.EclipseLogger - Using platform encoding (Cp1252 actually) to copy filtered resources, i.e. build is platform dependent!
2017-06-22 09:11:21,081 [Worker-17] INFO  o.e.m.c.i.embedder.EclipseLogger - Copying 0 resource
2017-06-22 09:11:21,083 [Worker-17] WARN  o.e.m.c.i.embedder.EclipseLogger - Using platform encoding (Cp1252 actually) to copy filtered resources, i.e. build is platform dependent!
2017-06-22 09:11:21,084 [Worker-17] INFO  o.e.m.c.i.embedder.EclipseLogger - Copying 0 resource
2017-06-22 09:11:34,339 [Worker-20] WARN  o.e.m.c.i.embedder.EclipseLogger - Using platform encoding (Cp1252 actually) to copy filtered resources, i.e. build is platform dependent!
2017-06-22 09:11:34,349 [Worker-20] INFO  o.e.m.c.i.embedder.EclipseLogger - Copying 0 resource
2017-06-22 09:11:34,352 [Worker-20] WARN  o.e.m.c.i.embedder.EclipseLogger - Using platform encoding (Cp1252 actually) to copy filtered resources, i.e. build is platform dependent!
2017-06-22 09:11:34,356 [Worker-20] INFO  o.e.m.c.i.embedder.EclipseLogger - Copying 0 resource
2017-06-22 09:15:17,257 [Worker-17] INFO  o.e.m.c.i.l.LifecycleMappingFactory - Using org.eclipse.m2e.jdt.JarLifecycleMapping lifecycle mapping for MavenProject: com.mycompany.app:myapp:0.0.1-SNAPSHOT @ C:\Users\trainee.KGFSL\Documents\New folder\pom.xml.
2017-06-22 09:15:17,295 [Worker-17] WARN  o.e.m.c.i.embedder.EclipseLogger - Using platform encoding (Cp1252 actually) to copy filtered resources, i.e. build is platform dependent!
2017-06-22 09:15:17,296 [Worker-17] INFO  o.e.m.c.i.embedder.EclipseLogger - Copying 0 resource
2017-06-22 09:15:17,300 [Worker-17] WARN  o.e.m.c.i.embedder.EclipseLogger - Using platform encoding (Cp1252 actually) to copy filtered resources, i.e. build is platform dependent!
2017-06-22 09:15:17,301 [Worker-17] INFO  o.e.m.c.i.embedder.EclipseLogger - Copying 0 resource
2017-06-22 09:15:34,782 [Worker-17] INFO  o.e.m.c.i.l.LifecycleMappingFactory - Using org.eclipse.m2e.jdt.JarLifecycleMapping lifecycle mapping for MavenProject: com.mycompany.app:myapp:0.0.1-SNAPSHOT @ C:\Users\trainee.KGFSL\Documents\New folder\pom.xml.
2017-06-22 09:15:34,810 [Worker-17] WARN  o.e.m.c.i.embedder.EclipseLogger - Using platform encoding (Cp1252 actually) to copy filtered resources, i.e. build is platform dependent!
2017-06-22 09:15:34,811 [Worker-17] INFO  o.e.m.c.i.embedder.EclipseLogger - Copying 0 resource
2017-06-22 09:15:34,812 [Worker-17] WARN  o.e.m.c.i.embedder.EclipseLogger - Using platform encoding (Cp1252 actually) to copy filtered resources, i.e. build is platform dependent!
2017-06-22 09:15:34,813 [Worker-17] INFO  o.e.m.c.i.embedder.EclipseLogger - Copying 0 resource
2017-06-22 09:40:29,199 [Worker-12] INFO  o.e.m.c.i.l.LifecycleMappingFactory - Using org.eclipse.m2e.jdt.JarLifecycleMapping lifecycle mapping for MavenProject: com.mycompany.app:my-app:1.0-SNAPSHOT @ D:\karthi\Java\my-app\pom.xml.
2017-06-22 09:40:29,446 [Worker-12] INFO  o.e.m.c.i.p.ProjectConfigurationManager - Imported and configured 1 project(s) in 0 sec
2017-06-22 09:40:31,748 [Worker-11] INFO  o.e.m.c.i.l.LifecycleMappingFactory - Using org.eclipse.m2e.jdt.JarLifecycleMapping lifecycle mapping for MavenProject: com.mycompany.app:my-app:1.0-SNAPSHOT @ D:\karthi\Java\my-app\pom.xml.
2017-06-22 09:40:32,078 [Worker-12] INFO  o.e.m.i.discovery.MavenDiscovery - No lifecyle mapping found at jar:file:/C:/Windows/TEMP/RemoteBundleDiscoveryStrategy19341486647788959.tmp/org.eclipse.m2e.discovery.oss_catalog_1.5.jar_8544354526296323786.jar!/lifecycle%2Forg.eclipse.m2e.discovery.lifecyclemapping.m2e-egit.xml
2017-06-22 09:40:32,078 [Worker-12] WARN  o.e.m.i.discovery.MavenDiscovery - CatalogItem org.eclipse.m2e.discovery.lifecyclemapping.m2e-egit does not contain lifecycle mapping metadata
2017-06-22 09:40:32,102 [Worker-12] INFO  o.e.m.i.discovery.MavenDiscovery - No lifecyle mapping found at jar:file:/C:/Windows/TEMP/RemoteBundleDiscoveryStrategy19341486647788959.tmp/org.eclipse.m2e.discovery.oss_catalog_1.5.jar_8544354526296323786.jar!/lifecycle%2Forg.eclipse.m2e.discovery.lifecyclemapping.m2e-subversive.xml
2017-06-22 09:40:32,102 [Worker-12] WARN  o.e.m.i.discovery.MavenDiscovery - CatalogItem org.eclipse.m2e.discovery.lifecyclemapping.m2e-subversive does not contain lifecycle mapping metadata
2017-06-22 09:40:32,104 [Worker-12] INFO  o.e.m.i.discovery.MavenDiscovery - No lifecyle mapping found at jar:file:/C:/Windows/TEMP/RemoteBundleDiscoveryStrategy19341486647788959.tmp/org.eclipse.m2e.discovery.oss_catalog_1.5.jar_8544354526296323786.jar!/lifecycle%2Forg.eclipse.m2e.discovery.lifecyclemapping.m2e-subclipse.xml
2017-06-22 09:40:32,104 [Worker-12] WARN  o.e.m.i.discovery.MavenDiscovery - CatalogItem org.eclipse.m2e.discovery.lifecyclemapping.m2e-subclipse does not contain lifecycle mapping metadata
2017-06-22 09:40:33,666 [Worker-12] WARN  o.e.m.c.i.embedder.EclipseLogger - Using platform encoding (Cp1252 actually) to copy filtered resources, i.e. build is platform dependent!
2017-06-22 09:40:33,666 [Worker-12] INFO  o.e.m.c.i.embedder.EclipseLogger - skip non existing resourceDirectory D:\karthi\Java\my-app\src\main\resources
2017-06-22 09:40:33,669 [Worker-12] WARN  o.e.m.c.i.embedder.EclipseLogger - Using platform encoding (Cp1252 actually) to copy filtered resources, i.e. build is platform dependent!
2017-06-22 09:40:33,669 [Worker-12] INFO  o.e.m.c.i.embedder.EclipseLogger - skip non existing resourceDirectory D:\karthi\Java\my-app\src\test\resources
2017-06-22 12:55:54,584 [Stop Help Server] INFO  o.e.j.server.handler.ContextHandler - stopped o.e.j.s.ServletContextHandler{/help,null}
2017-06-22 12:55:54,721 [Stop Help Server] WARN  o.e.j.util.thread.QueuedThreadPool - 6 threads could not be stopped
2017-06-22 14:40:53,309 [Start Help Server] INFO  org.eclipse.jetty.server.Server - jetty-8.1.14.v20131031
2017-06-22 14:40:53,692 [Start Help Server] INFO  o.e.jetty.server.AbstractConnector - Started SelectChannelConnector@127.0.0.1:46411
2017-06-22 14:44:34,451 [Worker-5] INFO  o.e.m.c.i.l.LifecycleMappingFactory - Using org.eclipse.m2e.jdt.JarLifecycleMapping lifecycle mapping for MavenProject: com:myapp:0.0.1-SNAPSHOT @ D:\Testing\pom.xml.
2017-06-22 14:44:36,300 [Worker-25] INFO  o.e.m.c.i.l.LifecycleMappingFactory - Using org.eclipse.m2e.jdt.JarLifecycleMapping lifecycle mapping for MavenProject: com:myapp:0.0.1-SNAPSHOT @ D:\Testing\pom.xml.
2017-06-22 14:44:38,638 [Worker-5] WARN  o.e.m.c.i.embedder.EclipseLogger - Using platform encoding (Cp1252 actually) to copy filtered resources, i.e. build is platform dependent!
2017-06-22 14:44:38,665 [Worker-5] INFO  o.e.m.c.i.embedder.EclipseLogger - Copying 0 resource
2017-06-22 14:44:38,669 [Worker-5] WARN  o.e.m.c.i.embedder.EclipseLogger - Using platform encoding (Cp1252 actually) to copy filtered resources, i.e. build is platform dependent!
2017-06-22 14:44:38,670 [Worker-5] INFO  o.e.m.c.i.embedder.EclipseLogger - Copying 0 resource
2017-06-22 14:45:53,272 [Worker-5] INFO  o.e.m.c.i.l.LifecycleMappingFactory - Using org.eclipse.m2e.jdt.JarLifecycleMapping lifecycle mapping for MavenProject: com:myapp:0.0.1-SNAPSHOT @ D:\Testing\pom.xml.
2017-06-22 14:45:53,310 [Worker-5] WARN  o.e.m.c.i.embedder.EclipseLogger - Using platform encoding (Cp1252 actually) to copy filtered resources, i.e. build is platform dependent!
2017-06-22 14:45:53,318 [Worker-5] INFO  o.e.m.c.i.embedder.EclipseLogger - Copying 0 resource
2017-06-22 14:45:53,320 [Worker-5] WARN  o.e.m.c.i.embedder.EclipseLogger - Using platform encoding (Cp1252 actually) to copy filtered resources, i.e. build is platform dependent!
2017-06-22 14:45:53,321 [Worker-5] INFO  o.e.m.c.i.embedder.EclipseLogger - Copying 0 resource
2017-06-22 14:50:06,383 [Worker-17] INFO  o.e.m.c.i.l.LifecycleMappingFactory - Using org.eclipse.m2e.jdt.JarLifecycleMapping lifecycle mapping for MavenProject: com:myapp:0.0.1-SNAPSHOT @ D:\Testing\pom.xml.
2017-06-22 14:50:06,408 [Worker-17] WARN  o.e.m.c.i.embedder.EclipseLogger - Using platform encoding (Cp1252 actually) to copy filtered resources, i.e. build is platform dependent!
2017-06-22 14:50:06,409 [Worker-17] INFO  o.e.m.c.i.embedder.EclipseLogger - Copying 0 resource
2017-06-22 14:50:06,412 [Worker-17] WARN  o.e.m.c.i.embedder.EclipseLogger - Using platform encoding (Cp1252 actually) to copy filtered resources, i.e. build is platform dependent!
2017-06-22 14:50:06,413 [Worker-17] INFO  o.e.m.c.i.embedder.EclipseLogger - Copying 0 resource
2017-06-22 14:50:54,954 [Worker-4] INFO  o.e.m.c.i.l.LifecycleMappingFactory - Using org.eclipse.m2e.jdt.JarLifecycleMapping lifecycle mapping for MavenProject: com.mycompany.app:my-app:1.0-SNAPSHOT @ D:\Testing\pom.xml.
2017-06-22 14:50:55,164 [Worker-4] WARN  o.e.m.c.i.embedder.EclipseLogger - Using platform encoding (Cp1252 actually) to copy filtered resources, i.e. build is platform dependent!
2017-06-22 14:50:55,165 [Worker-4] INFO  o.e.m.c.i.embedder.EclipseLogger - Copying 0 resource
2017-06-22 14:50:55,167 [Worker-4] WARN  o.e.m.c.i.embedder.EclipseLogger - Using platform encoding (Cp1252 actually) to copy filtered resources, i.e. build is platform dependent!
2017-06-22 14:50:55,168 [Worker-4] INFO  o.e.m.c.i.embedder.EclipseLogger - Copying 0 resource
2017-06-22 14:53:52,730 [main] ERROR o.e.m2e.editor.pom.OverviewPage - Failed to populate overview panel
java.lang.NullPointerException: null
	at org.eclipse.m2e.core.ui.internal.editing.PomEdits.performOnDOMDocument(PomEdits.java:460) ~[org.eclipse.m2e.core.ui_1.5.2.20150413-2215.jar:na]
	at org.eclipse.m2e.editor.pom.OverviewPage$17.run(OverviewPage.java:1128) ~[na:na]
	at org.eclipse.swt.widgets.RunnableLock.run(RunnableLock.java:35) [org.eclipse.swt.win32.win32.x86_64_3.103.0.v20140605-2012.jar:na]
	at org.eclipse.swt.widgets.Synchronizer.runAsyncMessages(Synchronizer.java:136) [org.eclipse.swt.win32.win32.x86_64_3.103.0.v20140605-2012.jar:na]
	at org.eclipse.swt.widgets.Display.runAsyncMessages(Display.java:4147) [org.eclipse.swt.win32.win32.x86_64_3.103.0.v20140605-2012.jar:na]
	at org.eclipse.swt.widgets.Display.readAndDispatch(Display.java:3764) [org.eclipse.swt.win32.win32.x86_64_3.103.0.v20140605-2012.jar:na]
	at org.eclipse.e4.ui.internal.workbench.swt.PartRenderingEngine$9.run(PartRenderingEngine.java:1151) [org.eclipse.e4.ui.workbench.swt_0.12.100.v20140530-1436.jar:na]
	at org.eclipse.core.databinding.observable.Realm.runWithDefault(Realm.java:332) [org.eclipse.core.databinding.observable_1.4.1.v20140210-1835.jar:na]
	at org.eclipse.e4.ui.internal.workbench.swt.PartRenderingEngine.run(PartRenderingEngine.java:1032) [org.eclipse.e4.ui.workbench.swt_0.12.100.v20140530-1436.jar:na]
	at org.eclipse.e4.ui.internal.workbench.E4Workbench.createAndRunUI(E4Workbench.java:148) [org.eclipse.e4.ui.workbench_1.1.0.v20140528-1949.jar:na]
	at org.eclipse.ui.internal.Workbench$5.run(Workbench.java:636) [org.eclipse.ui.workbench_3.106.0.v20140530-0732.jar:na]
	at org.eclipse.core.databinding.observable.Realm.runWithDefault(Realm.java:332) [org.eclipse.core.databinding.observable_1.4.1.v20140210-1835.jar:na]
	at org.eclipse.ui.internal.Workbench.createAndRunWorkbench(Workbench.java:579) [org.eclipse.ui.workbench_3.106.0.v20140530-0732.jar:na]
	at org.eclipse.ui.PlatformUI.createAndRunWorkbench(PlatformUI.java:150) [org.eclipse.ui.workbench_3.106.0.v20140530-0732.jar:na]
	at org.eclipse.ui.internal.ide.application.IDEApplication.start(IDEApplication.java:135) [org.eclipse.ui.ide.application_1.0.500.v20140514-2033.jar:na]
	at org.eclipse.equinox.internal.app.EclipseAppHandle.run(EclipseAppHandle.java:196) [org.eclipse.equinox.app_1.3.200.v20130910-1609.jar:na]
	at org.eclipse.core.runtime.internal.adaptor.EclipseAppLauncher.runApplication(EclipseAppLauncher.java:134) [org.eclipse.osgi_3.10.0.v20140606-1445.jar:na]
	at org.eclipse.core.runtime.internal.adaptor.EclipseAppLauncher.start(EclipseAppLauncher.java:104) [org.eclipse.osgi_3.10.0.v20140606-1445.jar:na]
	at org.eclipse.core.runtime.adaptor.EclipseStarter.run(EclipseStarter.java:382) [org.eclipse.osgi_3.10.0.v20140606-1445.jar:na]
	at org.eclipse.core.runtime.adaptor.EclipseStarter.run(EclipseStarter.java:236) [org.eclipse.osgi_3.10.0.v20140606-1445.jar:na]
	at sun.reflect.NativeMethodAccessorImpl.invoke0(Native Method) ~[na:1.8.0_45]
	at sun.reflect.NativeMethodAccessorImpl.invoke(NativeMethodAccessorImpl.java:62) ~[na:1.8.0_45]
	at sun.reflect.DelegatingMethodAccessorImpl.invoke(DelegatingMethodAccessorImpl.java:43) ~[na:1.8.0_45]
	at java.lang.reflect.Method.invoke(Method.java:497) ~[na:1.8.0_45]
	at org.eclipse.equinox.launcher.Main.invokeFramework(Main.java:648) [org.eclipse.equinox.launcher_1.3.0.v20140415-2008.jar:na]
	at org.eclipse.equinox.launcher.Main.basicRun(Main.java:603) [org.eclipse.equinox.launcher_1.3.0.v20140415-2008.jar:na]
	at org.eclipse.equinox.launcher.Main.run(Main.java:1465) [org.eclipse.equinox.launcher_1.3.0.v20140415-2008.jar:na]
2017-06-22 14:53:52,803 [Worker-5] INFO  o.e.m.c.i.l.LifecycleMappingFactory - Using org.eclipse.m2e.jdt.JarLifecycleMapping lifecycle mapping for MavenProject: com.mycompany.app:my-app:1.0-SNAPSHOT @ D:\Testing\pom.xml.
2017-06-22 14:53:52,823 [Worker-5] WARN  o.e.m.c.i.embedder.EclipseLogger - The POM for com.mycompany.app:my-app:jar:1.0-SNAPSHOT is missing, no dependency information available
2017-06-22 14:53:52,860 [Worker-5] WARN  o.e.m.c.i.embedder.EclipseLogger - Using platform encoding (Cp1252 actually) to copy filtered resources, i.e. build is platform dependent!
2017-06-22 14:53:52,861 [Worker-5] INFO  o.e.m.c.i.embedder.EclipseLogger - Copying 0 resource
2017-06-22 14:53:52,863 [Worker-5] WARN  o.e.m.c.i.embedder.EclipseLogger - Using platform encoding (Cp1252 actually) to copy filtered resources, i.e. build is platform dependent!
2017-06-22 14:53:52,864 [Worker-5] INFO  o.e.m.c.i.embedder.EclipseLogger - Copying 0 resource
